{"uid":"805655a559d33c98","name":"test_build_and_deploy","fullName":"tests.integration.tls_tests.test_tls#test_build_and_deploy","historyId":"891b40ba4adced896346fb2a56ed2660","time":{"start":1725935099013,"stop":1725935731157,"duration":632144},"description":"Build and deploy one unit of MongoDB and one unit of TLS.","descriptionHtml":"<p>Build and deploy one unit of MongoDB and one unit of TLS.</p>\n","status":"broken","statusMessage":"asyncio.exceptions.TimeoutError: Timed out waiting for model:\nmongodb/0 [executing] active: \n  mongodb/1 [executing] active: \n  mongodb/2 [idle] waiting: Member being added..","statusTrace":"Traceback (most recent call last):\n  File \"/home/ubuntu/actions-runner/_work/mongodb-operator/mongodb-operator/.tox/integration/lib/python3.10/site-packages/_pytest/runner.py\", line 341, in from_call\n    result: TResult | None = func()\n  File \"/home/ubuntu/actions-runner/_work/mongodb-operator/mongodb-operator/.tox/integration/lib/python3.10/site-packages/_pytest/runner.py\", line 242, in <lambda>\n    lambda: runtest_hook(item=item, **kwds), when=when, reraise=reraise\n  File \"/home/ubuntu/actions-runner/_work/mongodb-operator/mongodb-operator/.tox/integration/lib/python3.10/site-packages/pluggy/_hooks.py\", line 513, in __call__\n    return self._hookexec(self.name, self._hookimpls.copy(), kwargs, firstresult)\n  File \"/home/ubuntu/actions-runner/_work/mongodb-operator/mongodb-operator/.tox/integration/lib/python3.10/site-packages/pluggy/_manager.py\", line 120, in _hookexec\n    return self._inner_hookexec(hook_name, methods, kwargs, firstresult)\n  File \"/home/ubuntu/actions-runner/_work/mongodb-operator/mongodb-operator/.tox/integration/lib/python3.10/site-packages/pluggy/_callers.py\", line 182, in _multicall\n    return outcome.get_result()\n  File \"/home/ubuntu/actions-runner/_work/mongodb-operator/mongodb-operator/.tox/integration/lib/python3.10/site-packages/pluggy/_result.py\", line 100, in get_result\n    raise exc.with_traceback(exc.__traceback__)\n  File \"/home/ubuntu/actions-runner/_work/mongodb-operator/mongodb-operator/.tox/integration/lib/python3.10/site-packages/pluggy/_callers.py\", line 167, in _multicall\n    teardown.throw(outcome._exception)\n  File \"/home/ubuntu/actions-runner/_work/mongodb-operator/mongodb-operator/.tox/integration/lib/python3.10/site-packages/_pytest/threadexception.py\", line 92, in pytest_runtest_call\n    yield from thread_exception_runtest_hook()\n  File \"/home/ubuntu/actions-runner/_work/mongodb-operator/mongodb-operator/.tox/integration/lib/python3.10/site-packages/_pytest/threadexception.py\", line 68, in thread_exception_runtest_hook\n    yield\n  File \"/home/ubuntu/actions-runner/_work/mongodb-operator/mongodb-operator/.tox/integration/lib/python3.10/site-packages/pluggy/_callers.py\", line 167, in _multicall\n    teardown.throw(outcome._exception)\n  File \"/home/ubuntu/actions-runner/_work/mongodb-operator/mongodb-operator/.tox/integration/lib/python3.10/site-packages/_pytest/unraisableexception.py\", line 95, in pytest_runtest_call\n    yield from unraisable_exception_runtest_hook()\n  File \"/home/ubuntu/actions-runner/_work/mongodb-operator/mongodb-operator/.tox/integration/lib/python3.10/site-packages/_pytest/unraisableexception.py\", line 70, in unraisable_exception_runtest_hook\n    yield\n  File \"/home/ubuntu/actions-runner/_work/mongodb-operator/mongodb-operator/.tox/integration/lib/python3.10/site-packages/pluggy/_callers.py\", line 167, in _multicall\n    teardown.throw(outcome._exception)\n  File \"/home/ubuntu/actions-runner/_work/mongodb-operator/mongodb-operator/.tox/integration/lib/python3.10/site-packages/_pytest/logging.py\", line 848, in pytest_runtest_call\n    yield from self._runtest_for(item, \"call\")\n  File \"/home/ubuntu/actions-runner/_work/mongodb-operator/mongodb-operator/.tox/integration/lib/python3.10/site-packages/_pytest/logging.py\", line 831, in _runtest_for\n    yield\n  File \"/home/ubuntu/actions-runner/_work/mongodb-operator/mongodb-operator/.tox/integration/lib/python3.10/site-packages/pluggy/_callers.py\", line 167, in _multicall\n    teardown.throw(outcome._exception)\n  File \"/home/ubuntu/actions-runner/_work/mongodb-operator/mongodb-operator/.tox/integration/lib/python3.10/site-packages/_pytest/capture.py\", line 879, in pytest_runtest_call\n    return (yield)\n  File \"/home/ubuntu/actions-runner/_work/mongodb-operator/mongodb-operator/.tox/integration/lib/python3.10/site-packages/pluggy/_callers.py\", line 167, in _multicall\n    teardown.throw(outcome._exception)\n  File \"/home/ubuntu/actions-runner/_work/mongodb-operator/mongodb-operator/.tox/integration/lib/python3.10/site-packages/_pytest/skipping.py\", line 257, in pytest_runtest_call\n    return (yield)\n  File \"/home/ubuntu/actions-runner/_work/mongodb-operator/mongodb-operator/.tox/integration/lib/python3.10/site-packages/pluggy/_callers.py\", line 103, in _multicall\n    res = hook_impl.function(*args)\n  File \"/home/ubuntu/actions-runner/_work/mongodb-operator/mongodb-operator/.tox/integration/lib/python3.10/site-packages/_pytest/runner.py\", line 174, in pytest_runtest_call\n    item.runtest()\n  File \"/home/ubuntu/actions-runner/_work/mongodb-operator/mongodb-operator/.tox/integration/lib/python3.10/site-packages/_pytest/python.py\", line 1627, in runtest\n    self.ihook.pytest_pyfunc_call(pyfuncitem=self)\n  File \"/home/ubuntu/actions-runner/_work/mongodb-operator/mongodb-operator/.tox/integration/lib/python3.10/site-packages/pluggy/_hooks.py\", line 513, in __call__\n    return self._hookexec(self.name, self._hookimpls.copy(), kwargs, firstresult)\n  File \"/home/ubuntu/actions-runner/_work/mongodb-operator/mongodb-operator/.tox/integration/lib/python3.10/site-packages/pluggy/_manager.py\", line 120, in _hookexec\n    return self._inner_hookexec(hook_name, methods, kwargs, firstresult)\n  File \"/home/ubuntu/actions-runner/_work/mongodb-operator/mongodb-operator/.tox/integration/lib/python3.10/site-packages/pluggy/_callers.py\", line 182, in _multicall\n    return outcome.get_result()\n  File \"/home/ubuntu/actions-runner/_work/mongodb-operator/mongodb-operator/.tox/integration/lib/python3.10/site-packages/pluggy/_result.py\", line 100, in get_result\n    raise exc.with_traceback(exc.__traceback__)\n  File \"/home/ubuntu/actions-runner/_work/mongodb-operator/mongodb-operator/.tox/integration/lib/python3.10/site-packages/pluggy/_callers.py\", line 103, in _multicall\n    res = hook_impl.function(*args)\n  File \"/home/ubuntu/actions-runner/_work/mongodb-operator/mongodb-operator/.tox/integration/lib/python3.10/site-packages/_pytest/python.py\", line 159, in pytest_pyfunc_call\n    result = testfunction(**testargs)\n  File \"/home/ubuntu/actions-runner/_work/mongodb-operator/mongodb-operator/.tox/integration/lib/python3.10/site-packages/pytest_asyncio/plugin.py\", line 529, in inner\n    _loop.run_until_complete(task)\n  File \"/usr/lib/python3.10/asyncio/base_events.py\", line 649, in run_until_complete\n    return future.result()\n  File \"/home/ubuntu/actions-runner/_work/mongodb-operator/mongodb-operator/tests/integration/tls_tests/test_tls.py\", line 50, in test_build_and_deploy\n    await ops_test.model.wait_for_idle(apps=[app_name], status=\"active\")\n  File \"/home/ubuntu/actions-runner/_work/mongodb-operator/mongodb-operator/.tox/integration/lib/python3.10/site-packages/juju/model.py\", line 2969, in wait_for_idle\n    raise jasyncio.TimeoutError(\"Timed out waiting for model:\\n\" + busy)\nasyncio.exceptions.TimeoutError: Timed out waiting for model:\nmongodb/0 [executing] active: \n  mongodb/1 [executing] active: \n  mongodb/2 [idle] waiting: Member being added..","flaky":false,"newFailed":false,"newBroken":true,"newPassed":false,"retriesCount":1,"retriesStatusChange":true,"beforeStages":[{"name":"event_loop","time":{"start":1725935098767,"stop":1725935098768,"duration":1},"status":"passed","steps":[],"attachments":[],"parameters":[],"stepsCount":0,"shouldDisplayMessage":false,"attachmentsCount":0,"hasContent":false,"attachmentStep":false},{"name":"ops_test","time":{"start":1725935098768,"stop":1725935099012,"duration":244},"status":"passed","steps":[],"attachments":[],"parameters":[],"stepsCount":0,"shouldDisplayMessage":false,"attachmentsCount":0,"hasContent":false,"attachmentStep":false},{"name":"tmp_path_factory","time":{"start":1725935098768,"stop":1725935098768,"duration":0},"status":"passed","steps":[],"attachments":[],"parameters":[],"stepsCount":0,"shouldDisplayMessage":false,"attachmentsCount":0,"hasContent":false,"attachmentStep":false},{"name":"abort_on_fail","time":{"start":1725935099012,"stop":1725935099012,"duration":0},"status":"passed","steps":[],"attachments":[],"parameters":[],"stepsCount":0,"shouldDisplayMessage":false,"attachmentsCount":0,"hasContent":false,"attachmentStep":false}],"testStage":{"description":"Build and deploy one unit of MongoDB and one unit of TLS.","status":"broken","statusMessage":"asyncio.exceptions.TimeoutError: Timed out waiting for model:\nmongodb/0 [executing] active: \n  mongodb/1 [executing] active: \n  mongodb/2 [idle] waiting: Member being added..","statusTrace":"Traceback (most recent call last):\n  File \"/home/ubuntu/actions-runner/_work/mongodb-operator/mongodb-operator/.tox/integration/lib/python3.10/site-packages/_pytest/runner.py\", line 341, in from_call\n    result: TResult | None = func()\n  File \"/home/ubuntu/actions-runner/_work/mongodb-operator/mongodb-operator/.tox/integration/lib/python3.10/site-packages/_pytest/runner.py\", line 242, in <lambda>\n    lambda: runtest_hook(item=item, **kwds), when=when, reraise=reraise\n  File \"/home/ubuntu/actions-runner/_work/mongodb-operator/mongodb-operator/.tox/integration/lib/python3.10/site-packages/pluggy/_hooks.py\", line 513, in __call__\n    return self._hookexec(self.name, self._hookimpls.copy(), kwargs, firstresult)\n  File \"/home/ubuntu/actions-runner/_work/mongodb-operator/mongodb-operator/.tox/integration/lib/python3.10/site-packages/pluggy/_manager.py\", line 120, in _hookexec\n    return self._inner_hookexec(hook_name, methods, kwargs, firstresult)\n  File \"/home/ubuntu/actions-runner/_work/mongodb-operator/mongodb-operator/.tox/integration/lib/python3.10/site-packages/pluggy/_callers.py\", line 182, in _multicall\n    return outcome.get_result()\n  File \"/home/ubuntu/actions-runner/_work/mongodb-operator/mongodb-operator/.tox/integration/lib/python3.10/site-packages/pluggy/_result.py\", line 100, in get_result\n    raise exc.with_traceback(exc.__traceback__)\n  File \"/home/ubuntu/actions-runner/_work/mongodb-operator/mongodb-operator/.tox/integration/lib/python3.10/site-packages/pluggy/_callers.py\", line 167, in _multicall\n    teardown.throw(outcome._exception)\n  File \"/home/ubuntu/actions-runner/_work/mongodb-operator/mongodb-operator/.tox/integration/lib/python3.10/site-packages/_pytest/threadexception.py\", line 92, in pytest_runtest_call\n    yield from thread_exception_runtest_hook()\n  File \"/home/ubuntu/actions-runner/_work/mongodb-operator/mongodb-operator/.tox/integration/lib/python3.10/site-packages/_pytest/threadexception.py\", line 68, in thread_exception_runtest_hook\n    yield\n  File \"/home/ubuntu/actions-runner/_work/mongodb-operator/mongodb-operator/.tox/integration/lib/python3.10/site-packages/pluggy/_callers.py\", line 167, in _multicall\n    teardown.throw(outcome._exception)\n  File \"/home/ubuntu/actions-runner/_work/mongodb-operator/mongodb-operator/.tox/integration/lib/python3.10/site-packages/_pytest/unraisableexception.py\", line 95, in pytest_runtest_call\n    yield from unraisable_exception_runtest_hook()\n  File \"/home/ubuntu/actions-runner/_work/mongodb-operator/mongodb-operator/.tox/integration/lib/python3.10/site-packages/_pytest/unraisableexception.py\", line 70, in unraisable_exception_runtest_hook\n    yield\n  File \"/home/ubuntu/actions-runner/_work/mongodb-operator/mongodb-operator/.tox/integration/lib/python3.10/site-packages/pluggy/_callers.py\", line 167, in _multicall\n    teardown.throw(outcome._exception)\n  File \"/home/ubuntu/actions-runner/_work/mongodb-operator/mongodb-operator/.tox/integration/lib/python3.10/site-packages/_pytest/logging.py\", line 848, in pytest_runtest_call\n    yield from self._runtest_for(item, \"call\")\n  File \"/home/ubuntu/actions-runner/_work/mongodb-operator/mongodb-operator/.tox/integration/lib/python3.10/site-packages/_pytest/logging.py\", line 831, in _runtest_for\n    yield\n  File \"/home/ubuntu/actions-runner/_work/mongodb-operator/mongodb-operator/.tox/integration/lib/python3.10/site-packages/pluggy/_callers.py\", line 167, in _multicall\n    teardown.throw(outcome._exception)\n  File \"/home/ubuntu/actions-runner/_work/mongodb-operator/mongodb-operator/.tox/integration/lib/python3.10/site-packages/_pytest/capture.py\", line 879, in pytest_runtest_call\n    return (yield)\n  File \"/home/ubuntu/actions-runner/_work/mongodb-operator/mongodb-operator/.tox/integration/lib/python3.10/site-packages/pluggy/_callers.py\", line 167, in _multicall\n    teardown.throw(outcome._exception)\n  File \"/home/ubuntu/actions-runner/_work/mongodb-operator/mongodb-operator/.tox/integration/lib/python3.10/site-packages/_pytest/skipping.py\", line 257, in pytest_runtest_call\n    return (yield)\n  File \"/home/ubuntu/actions-runner/_work/mongodb-operator/mongodb-operator/.tox/integration/lib/python3.10/site-packages/pluggy/_callers.py\", line 103, in _multicall\n    res = hook_impl.function(*args)\n  File \"/home/ubuntu/actions-runner/_work/mongodb-operator/mongodb-operator/.tox/integration/lib/python3.10/site-packages/_pytest/runner.py\", line 174, in pytest_runtest_call\n    item.runtest()\n  File \"/home/ubuntu/actions-runner/_work/mongodb-operator/mongodb-operator/.tox/integration/lib/python3.10/site-packages/_pytest/python.py\", line 1627, in runtest\n    self.ihook.pytest_pyfunc_call(pyfuncitem=self)\n  File \"/home/ubuntu/actions-runner/_work/mongodb-operator/mongodb-operator/.tox/integration/lib/python3.10/site-packages/pluggy/_hooks.py\", line 513, in __call__\n    return self._hookexec(self.name, self._hookimpls.copy(), kwargs, firstresult)\n  File \"/home/ubuntu/actions-runner/_work/mongodb-operator/mongodb-operator/.tox/integration/lib/python3.10/site-packages/pluggy/_manager.py\", line 120, in _hookexec\n    return self._inner_hookexec(hook_name, methods, kwargs, firstresult)\n  File \"/home/ubuntu/actions-runner/_work/mongodb-operator/mongodb-operator/.tox/integration/lib/python3.10/site-packages/pluggy/_callers.py\", line 182, in _multicall\n    return outcome.get_result()\n  File \"/home/ubuntu/actions-runner/_work/mongodb-operator/mongodb-operator/.tox/integration/lib/python3.10/site-packages/pluggy/_result.py\", line 100, in get_result\n    raise exc.with_traceback(exc.__traceback__)\n  File \"/home/ubuntu/actions-runner/_work/mongodb-operator/mongodb-operator/.tox/integration/lib/python3.10/site-packages/pluggy/_callers.py\", line 103, in _multicall\n    res = hook_impl.function(*args)\n  File \"/home/ubuntu/actions-runner/_work/mongodb-operator/mongodb-operator/.tox/integration/lib/python3.10/site-packages/_pytest/python.py\", line 159, in pytest_pyfunc_call\n    result = testfunction(**testargs)\n  File \"/home/ubuntu/actions-runner/_work/mongodb-operator/mongodb-operator/.tox/integration/lib/python3.10/site-packages/pytest_asyncio/plugin.py\", line 529, in inner\n    _loop.run_until_complete(task)\n  File \"/usr/lib/python3.10/asyncio/base_events.py\", line 649, in run_until_complete\n    return future.result()\n  File \"/home/ubuntu/actions-runner/_work/mongodb-operator/mongodb-operator/tests/integration/tls_tests/test_tls.py\", line 50, in test_build_and_deploy\n    await ops_test.model.wait_for_idle(apps=[app_name], status=\"active\")\n  File \"/home/ubuntu/actions-runner/_work/mongodb-operator/mongodb-operator/.tox/integration/lib/python3.10/site-packages/juju/model.py\", line 2969, in wait_for_idle\n    raise jasyncio.TimeoutError(\"Timed out waiting for model:\\n\" + busy)\nasyncio.exceptions.TimeoutError: Timed out waiting for model:\nmongodb/0 [executing] active: \n  mongodb/1 [executing] active: \n  mongodb/2 [idle] waiting: Member being added..","steps":[],"attachments":[{"uid":"3b335bb93a8a4052","name":"log","source":"3b335bb93a8a4052.txt","type":"text/plain","size":4298}],"parameters":[],"stepsCount":0,"shouldDisplayMessage":true,"attachmentsCount":1,"hasContent":true,"attachmentStep":false},"afterStages":[{"name":"abort_on_fail::0","time":{"start":1725935731162,"stop":1725935731162,"duration":0},"status":"passed","steps":[],"attachments":[],"parameters":[],"stepsCount":0,"shouldDisplayMessage":false,"attachmentsCount":0,"hasContent":false,"attachmentStep":false},{"name":"ops_test::finalizer","time":{"start":1725935731173,"stop":1725935731673,"duration":500},"status":"passed","steps":[],"attachments":[],"parameters":[],"stepsCount":0,"shouldDisplayMessage":false,"attachmentsCount":0,"hasContent":false,"attachmentStep":false},{"name":"event_loop::2","time":{"start":1725935731673,"stop":1725935731673,"duration":0},"status":"passed","steps":[],"attachments":[],"parameters":[],"stepsCount":0,"shouldDisplayMessage":false,"attachmentsCount":0,"hasContent":false,"attachmentStep":false},{"name":"event_loop::_close_event_loop","time":{"start":1725935731673,"stop":1725935731673,"duration":0},"status":"passed","steps":[],"attachments":[],"parameters":[],"stepsCount":0,"shouldDisplayMessage":false,"attachmentsCount":0,"hasContent":false,"attachmentStep":false},{"name":"event_loop::_provide_clean_event_loop","time":{"start":1725935731673,"stop":1725935731673,"duration":0},"status":"passed","steps":[],"attachments":[],"parameters":[],"stepsCount":0,"shouldDisplayMessage":false,"attachmentsCount":0,"hasContent":false,"attachmentStep":false}],"labels":[{"name":"tag","value":"abort_on_fail"},{"name":"tag","value":"@pytest.mark.skipif(False, reason='skipping deploy, model expected to be provided.')"},{"name":"tag","value":"group(1)"},{"name":"tag","value":"runner(['self-hosted', 'linux', 'X64', 'jammy', 'large'])"},{"name":"tag","value":"asyncio"},{"name":"parentSuite","value":"tests.integration.tls_tests"},{"name":"suite","value":"test_tls"},{"name":"host","value":"github-runner"},{"name":"thread","value":"11055-MainThread"},{"name":"framework","value":"pytest"},{"name":"language","value":"cpython3"},{"name":"package","value":"tests.integration.tls_tests.test_tls"},{"name":"resultFormat","value":"allure2"}],"parameters":[],"links":[],"hidden":false,"retry":false,"extra":{"severity":"normal","retries":[{"uid":"253ebcc5e534cef1","status":"unknown","time":{}}],"categories":[{"name":"Test defects","matchedStatuses":[],"flaky":false}],"history":{"statistic":{"failed":0,"broken":4,"skipped":0,"passed":38,"unknown":1,"total":43},"items":[{"uid":"a87ccbcaf561f7bb","reportUrl":"../2244//#testresult/a87ccbcaf561f7bb","status":"passed","time":{"start":1725846009022,"stop":1725846386759,"duration":377737}},{"uid":"2c0f6defe7926493","reportUrl":"../2242//#testresult/2c0f6defe7926493","status":"passed","time":{"start":1725759706200,"stop":1725760153188,"duration":446988}},{"uid":"11ca9a617ed79728","reportUrl":"../2240//#testresult/11ca9a617ed79728","status":"passed","time":{"start":1725674214882,"stop":1725674500291,"duration":285409}},{"uid":"62afd6f1a1093d5c","reportUrl":"../2235//#testresult/62afd6f1a1093d5c","status":"passed","time":{"start":1725586933468,"stop":1725587379691,"duration":446223}},{"uid":"6f92b496369df0af","reportUrl":"../2232//#testresult/6f92b496369df0af","status":"passed","time":{"start":1725500495696,"stop":1725500783155,"duration":287459}},{"uid":"1b8f5fa84e0abc43","reportUrl":"../2228//#testresult/1b8f5fa84e0abc43","status":"broken","statusDetails":"asyncio.exceptions.TimeoutError: Timed out waiting for model:\nmongodb/0 [idle] active: \n  mongodb/1 [idle] active: \n  mongodb/2 [idle] active: Primary","time":{"start":1725414091140,"stop":1725414736092,"duration":644952}},{"uid":"43732c43a84152e8","reportUrl":"../2218//#testresult/43732c43a84152e8","status":"passed","time":{"start":1725327697915,"stop":1725328163810,"duration":465895}},{"uid":"6d32e45582c1c9b8","reportUrl":"../2207//#testresult/6d32e45582c1c9b8","status":"passed","time":{"start":1725241188561,"stop":1725241494770,"duration":306209}},{"uid":"b56e0835bd1c6118","reportUrl":"../2206//#testresult/b56e0835bd1c6118","status":"passed","time":{"start":1725154796346,"stop":1725155202160,"duration":405814}},{"uid":"f973a51114e2b08e","reportUrl":"../2205//#testresult/f973a51114e2b08e","status":"passed","time":{"start":1725068356209,"stop":1725068759712,"duration":403503}},{"uid":"2b80c7e13bc7b62d","reportUrl":"../2191//#testresult/2b80c7e13bc7b62d","status":"passed","time":{"start":1724982077834,"stop":1724982552276,"duration":474442}},{"uid":"ce79dcb34d69a8e5","reportUrl":"../2186//#testresult/ce79dcb34d69a8e5","status":"passed","time":{"start":1724895493740,"stop":1724895787777,"duration":294037}},{"uid":"22a583d89b0a71b2","reportUrl":"../2183//#testresult/22a583d89b0a71b2","status":"passed","time":{"start":1724809149286,"stop":1724809463595,"duration":314309}},{"uid":"ed497e40f14457c4","reportUrl":"../2182//#testresult/ed497e40f14457c4","status":"passed","time":{"start":1724722693478,"stop":1724723123577,"duration":430099}},{"uid":"b93776120f81005b","reportUrl":"../2181//#testresult/b93776120f81005b","status":"broken","statusDetails":"asyncio.exceptions.TimeoutError: Timed out waiting for model:\nmongodb/0 [executing] active: \n  mongodb/2 [executing] active:","time":{"start":1724636497382,"stop":1724637130455,"duration":633073}},{"uid":"6e00fd914b484534","reportUrl":"../2180//#testresult/6e00fd914b484534","status":"passed","time":{"start":1724549878986,"stop":1724550224026,"duration":345040}},{"uid":"e21ff1d90f3516eb","reportUrl":"../2179//#testresult/e21ff1d90f3516eb","status":"passed","time":{"start":1724463837635,"stop":1724464207430,"duration":369795}},{"uid":"82f6ea07797536d8","reportUrl":"../2173//#testresult/82f6ea07797536d8","status":"passed","time":{"start":1724378551620,"stop":1724378929530,"duration":377910}},{"uid":"d3a6d17f6f2e1bc0","reportUrl":"../2163//#testresult/d3a6d17f6f2e1bc0","status":"unknown","time":{}},{"uid":"ec57e874011596d3","reportUrl":"../2152//#testresult/ec57e874011596d3","status":"passed","time":{"start":1724204292164,"stop":1724204866515,"duration":574351}}]},"tags":["runner(['self-hosted', 'linux', 'X64', 'jammy', 'large'])","asyncio","abort_on_fail","group(1)","@pytest.mark.skipif(False, reason='skipping deploy, model expected to be provided.')"]},"source":"805655a559d33c98.json","parameterValues":[]}