[32mINFO    [0m pytest_operator.plugin:plugin.py:903 Model status:

Model  Controller           Cloud/Region         Version  SLA          Timestamp
test   localhost-localhost  localhost/localhost  3.5.3    unsupported  03:04:14Z

App                Version  Status   Scale  Charm          Channel      Rev  Exposed  Message
application                 active       1  application                   0  no       
application-host            active       1  application                   0  no       
config-server-one           active       1  mongodb                       0  no       
config-server-two           active       1  mongodb                       1  no       
mongos                      active       1  mongos         6/edge        19  no       
replication                 active       1  mongodb                       3  no       
s3-integrator               blocked      1  s3-integrator  latest/edge   51  no       Missing parameters: ['access-key', 'secret-key']
shard                       active       1  mongodb                       2  no       

Unit                  Workload  Agent  Machine  Public address  Ports            Message
application-host/0*   active    idle   4        10.223.198.161                   
  mongos/0*           blocked   idle            10.223.198.161                   Missing relation to config-server.
application/0*        active    idle   6        10.223.198.153                   
config-server-one/0*  blocked   idle   0        10.223.198.113                   couldn't start MongoDB
config-server-two/0*  blocked   idle   1        10.223.198.229  27017-27018/tcp  missing relation to shard(s)
replication/0*        active    idle   5        10.223.198.43   27017/tcp        Primary
s3-integrator/0*      blocked   idle   3        10.223.198.178                   Missing parameters: ['access-key', 'secret-key']
shard/0*              blocked   idle   2        10.223.198.152                   couldn't start MongoDB

Machine  State    Address         Inst id        Base          AZ  Message
0        started  10.223.198.113  juju-ee917e-0  ubuntu@22.04      Running
1        started  10.223.198.229  juju-ee917e-1  ubuntu@22.04      Running
2        started  10.223.198.152  juju-ee917e-2  ubuntu@22.04      Running
3        started  10.223.198.178  juju-ee917e-3  ubuntu@22.04      Running
4        started  10.223.198.161  juju-ee917e-4  ubuntu@22.04      Running
5        started  10.223.198.43   juju-ee917e-5  ubuntu@22.04      Running
6        started  10.223.198.153  juju-ee917e-6  ubuntu@20.04      Running

[32mINFO    [0m pytest_operator.plugin:plugin.py:909 Juju error logs:

machine-0: 02:27:05 ERROR juju.worker.dependency "kvm-container-provisioner" manifold worker returned unexpected error: container types not yet available
machine-0: 02:27:05 ERROR juju.worker.dependency "lxd-container-provisioner" manifold worker returned unexpected error: container types not yet available
unit-config-server-one-0: 02:27:05 ERROR juju.worker.meterstatus error running "meter-status-changed": charm missing from disk
machine-1: 02:29:03 ERROR juju.worker.dependency "kvm-container-provisioner" manifold worker returned unexpected error: container types not yet available
machine-1: 02:29:03 ERROR juju.worker.dependency "lxd-container-provisioner" manifold worker returned unexpected error: container types not yet available
unit-config-server-two-0: 02:29:03 ERROR juju.worker.meterstatus error running "meter-status-changed": charm missing from disk
unit-config-server-two-0: 02:30:55 ERROR unit.config-server-two/0.juju-log _on_secret_remove: Secret secret:crp28ic9fefi10jf1qhg seems to have no observers, could be removed
unit-config-server-one-0: 02:33:03 ERROR unit.config-server-one/0.juju-log An exception occurred when installing charmed-mongodb. Reason: Snap: 'charmed-mongodb'; command ['snap', 'install', 'charmed-mongodb', '--channel="6/edge"', '--revision="121"'] failed with output = ''
unit-config-server-one-0: 02:33:13 ERROR unit.config-server-one/0.juju-log An exception occurred when starting mongod agent, error: Could not ['snap', 'start', '--enable', 'charmed-mongodb.mongod'] for snap [charmed-mongodb]: error: snap "charmed-mongodb" has no service "mongod"
.
machine-5: 02:33:37 ERROR juju.worker.dependency "kvm-container-provisioner" manifold worker returned unexpected error: container types not yet available
machine-5: 02:33:37 ERROR juju.worker.dependency "lxd-container-provisioner" manifold worker returned unexpected error: container types not yet available
unit-replication-0: 02:33:37 ERROR juju.worker.meterstatus error running "meter-status-changed": charm missing from disk
machine-3: 02:33:45 ERROR juju.worker.dependency "lxd-container-provisioner" manifold worker returned unexpected error: container types not yet available
machine-3: 02:33:45 ERROR juju.worker.dependency "kvm-container-provisioner" manifold worker returned unexpected error: container types not yet available
unit-s3-integrator-0: 02:33:45 ERROR juju.worker.meterstatus error running "meter-status-changed": charm missing from disk
machine-4: 02:34:09 ERROR juju.worker.dependency "lxd-container-provisioner" manifold worker returned unexpected error: container types not yet available
machine-4: 02:34:09 ERROR juju.worker.dependency "kvm-container-provisioner" manifold worker returned unexpected error: container types not yet available
unit-application-host-0: 02:34:10 ERROR juju.worker.meterstatus error running "meter-status-changed": charm missing from disk
unit-replication-0: 02:34:57 ERROR unit.replication/0.juju-log _on_secret_remove: Secret secret:crp2af49fefi10jf1qig seems to have no observers, could be removed
machine-2: 02:36:03 ERROR juju.worker.dependency "kvm-container-provisioner" manifold worker returned unexpected error: container types not yet available
machine-2: 02:36:03 ERROR juju.worker.dependency "lxd-container-provisioner" manifold worker returned unexpected error: container types not yet available
unit-shard-0: 02:36:03 ERROR juju.worker.meterstatus error running "meter-status-changed": charm missing from disk
machine-6: 02:38:58 ERROR juju.worker.dependency "lxd-container-provisioner" manifold worker returned unexpected error: container types not yet available
machine-6: 02:38:58 ERROR juju.worker.dependency "kvm-container-provisioner" manifold worker returned unexpected error: container types not yet available
unit-application-0: 02:38:58 ERROR juju.worker.meterstatus error running "meter-status-changed": charm missing from disk
unit-shard-0: 02:50:27 ERROR unit.shard/0.juju-log An exception occurred when installing charmed-mongodb. Reason: Snap: 'charmed-mongodb'; command ['snap', 'install', 'charmed-mongodb', '--channel="6/edge"', '--revision="121"'] failed with output = ''
unit-shard-0: 02:50:39 ERROR unit.shard/0.juju-log An exception occurred when starting mongod agent, error: Could not ['snap', 'start', '--enable', 'charmed-mongodb.mongod'] for snap [charmed-mongodb]: error: snap "charmed-mongodb" has no service "mongod"
.
unit-mongos-0: 02:51:02 ERROR juju.worker.meterstatus error running "meter-status-changed": exit status 1
unit-mongos-0: 02:51:15 ERROR unit.mongos/0.juju-log Uncaught exception while in charm code:
Traceback (most recent call last):
  File "/var/lib/juju/agents/unit-mongos-0/charm/./src/charm.py", line 614, in <module>
    ops.main(MongosOperatorCharm)
  File "/var/lib/juju/agents/unit-mongos-0/charm/venv/ops/main.py", line 565, in __call__
    return main(charm_class, use_juju_for_storage=use_juju_for_storage)
  File "/var/lib/juju/agents/unit-mongos-0/charm/venv/ops/main.py", line 553, in main
    manager.run()
  File "/var/lib/juju/agents/unit-mongos-0/charm/venv/ops/main.py", line 529, in run
    self._emit()
  File "/var/lib/juju/agents/unit-mongos-0/charm/venv/ops/main.py", line 518, in _emit
    _emit_charm_event(self.charm, self.dispatcher.event_name, self._juju_context)
  File "/var/lib/juju/agents/unit-mongos-0/charm/venv/ops/main.py", line 139, in _emit_charm_event
    event_to_emit.emit(*args, **kwargs)
  File "/var/lib/juju/agents/unit-mongos-0/charm/venv/ops/framework.py", line 347, in emit
    framework._emit(event)
  File "/var/lib/juju/agents/unit-mongos-0/charm/venv/ops/framework.py", line 853, in _emit
    self._reemit(event_path)
  File "/var/lib/juju/agents/unit-mongos-0/charm/venv/ops/framework.py", line 943, in _reemit
    custom_handler(event)
  File "/var/lib/juju/agents/unit-mongos-0/charm/./src/charm.py", line 92, in _on_install
    self.install_snap_packages(packages=Config.SNAP_PACKAGES)
  File "/var/lib/juju/agents/unit-mongos-0/charm/./src/charm.py", line 151, in install_snap_packages
    snap_package = snap_cache[snap_name]
  File "/var/lib/juju/agents/unit-mongos-0/charm/lib/charms/operator_libs_linux/v1/snap.py", line 795, in __getitem__
    self._snap_map[snap_name] = self._load_info(snap_name)
  File "/var/lib/juju/agents/unit-mongos-0/charm/lib/charms/operator_libs_linux/v1/snap.py", line 843, in _load_info
    info = self._snap_client.get_snap_information(name)
  File "/var/lib/juju/agents/unit-mongos-0/charm/lib/charms/operator_libs_linux/v1/snap.py", line 751, in get_snap_information
    return self._request("GET", "find", {"name": name})[0]
  File "/var/lib/juju/agents/unit-mongos-0/charm/lib/charms/operator_libs_linux/v1/snap.py", line 708, in _request
    response = self._request_raw(method, path, query, headers, data)
  File "/var/lib/juju/agents/unit-mongos-0/charm/lib/charms/operator_libs_linux/v1/snap.py", line 729, in _request_raw
    response = self.opener.open(request, timeout=self.timeout)
  File "/usr/lib/python3.10/urllib/request.py", line 519, in open
    response = self._open(req, data)
  File "/usr/lib/python3.10/urllib/request.py", line 536, in _open
    result = self._call_chain(self.handle_open, protocol, protocol +
  File "/usr/lib/python3.10/urllib/request.py", line 496, in _call_chain
    result = func(*args)
  File "/var/lib/juju/agents/unit-mongos-0/charm/lib/charms/operator_libs_linux/v1/snap.py", line 645, in http_open
    return self.do_open(_UnixSocketConnection, req, socket_path=self.socket_path)
  File "/usr/lib/python3.10/urllib/request.py", line 1352, in do_open
    r = h.getresponse()
  File "/usr/lib/python3.10/http/client.py", line 1375, in getresponse
    response.begin()
  File "/usr/lib/python3.10/http/client.py", line 318, in begin
    version, status, reason = self._read_status()
  File "/usr/lib/python3.10/http/client.py", line 279, in _read_status
    line = str(self.fp.readline(_MAXLINE + 1), "iso-8859-1")
  File "/usr/lib/python3.10/socket.py", line 705, in readinto
    return self._sock.recv_into(b)
TimeoutError: timed out
unit-mongos-0: 02:51:15 ERROR juju.worker.uniter.operation hook "install" (via hook dispatching script: dispatch) failed: exit status 1
unit-shard-0: 02:58:53 ERROR juju.worker.uniter resolver loop error: permission denied
unit-config-server-one-0: 02:58:53 ERROR juju.worker.uniter resolver loop error: permission denied
unit-shard-0: 02:58:53 ERROR juju.worker.dependency "uniter" manifold worker returned unexpected error: permission denied
unit-config-server-one-0: 02:58:53 ERROR juju.worker.dependency "uniter" manifold worker returned unexpected error: permission denied

[32mINFO    [0m pytest_operator.plugin:plugin.py:991 Forgetting model main...