[32mINFO    [0m pytest_operator.plugin:plugin.py:834 Model status:

Model  Controller           Cloud/Region         Version  SLA          Timestamp
test   localhost-localhost  localhost/localhost  3.4.4    unsupported  01:59:00Z

App      Version  Status  Scale  Charm    Channel  Rev  Exposed  Message
mongodb           active      3  mongodb             0  no       

Unit        Workload  Agent      Machine  Public address  Ports      Message
mongodb/0   active    executing  0        10.161.106.156  27017/tcp  
mongodb/1*  active    executing  1        10.161.106.164  27017/tcp  
mongodb/2   active    executing  2        10.161.106.225  27017/tcp  Primary

Machine  State    Address         Inst id        Base          AZ  Message
0        started  10.161.106.156  juju-87491a-0  ubuntu@22.04      Running
1        started  10.161.106.164  juju-87491a-1  ubuntu@22.04      Running
2        started  10.161.106.225  juju-87491a-2  ubuntu@22.04      Running

[32mINFO    [0m pytest_operator.plugin:plugin.py:840 Juju error logs:

machine-1: 01:43:25 ERROR juju.worker.dependency "kvm-container-provisioner" manifold worker returned unexpected error: container types not yet available
machine-1: 01:43:25 ERROR juju.worker.dependency "lxd-container-provisioner" manifold worker returned unexpected error: container types not yet available
unit-mongodb-1: 01:43:25 ERROR juju.worker.meterstatus error running "meter-status-changed": charm missing from disk
machine-0: 01:43:25 ERROR juju.worker.dependency "lxd-container-provisioner" manifold worker returned unexpected error: container types not yet available
machine-0: 01:43:25 ERROR juju.worker.dependency "kvm-container-provisioner" manifold worker returned unexpected error: container types not yet available
unit-mongodb-0: 01:43:26 ERROR juju.worker.meterstatus error running "meter-status-changed": charm missing from disk
machine-2: 01:43:27 ERROR juju.worker.dependency "lxd-container-provisioner" manifold worker returned unexpected error: container types not yet available
machine-2: 01:43:27 ERROR juju.worker.dependency "kvm-container-provisioner" manifold worker returned unexpected error: container types not yet available
unit-mongodb-2: 01:43:27 ERROR juju.worker.meterstatus error running "meter-status-changed": charm missing from disk
unit-mongodb-1: 01:44:59 ERROR unit.mongodb/1.juju-log _on_secret_remove: Secret secret:cqndpvgc53mjm5ufet8g seems to have no observers, could be removed
unit-mongodb-1: 01:46:07 ERROR unit.mongodb/1.juju-log _on_secret_remove: Secret secret:cqndpvgc53mjm5ufet8g seems to have no observers, could be removed
unit-mongodb-1: 01:46:12 ERROR unit.mongodb/1.juju-log _on_secret_remove: Secret secret:cqndpvgc53mjm5ufet8g seems to have no observers, could be removed
unit-mongodb-1: 01:46:24 ERROR unit.mongodb/1.juju-log _on_secret_remove: Secret secret:cqndpvgc53mjm5ufet8g seems to have no observers, could be removed
unit-mongodb-1: 01:46:32 ERROR unit.mongodb/1.juju-log _on_secret_remove: Secret secret:cqndpvgc53mjm5ufet8g seems to have no observers, could be removed
unit-mongodb-1: 01:46:35 ERROR unit.mongodb/1.juju-log Uncaught exception while in charm code:
Traceback (most recent call last):
  File "/var/lib/juju/agents/unit-mongodb-1/charm/./src/charm.py", line 744, in set_password
    mongo.set_user_password(username, password)
  File "/var/lib/juju/agents/unit-mongodb-1/charm/lib/charms/mongodb/v1/mongodb.py", line 374, in set_user_password
    self.client.admin.command(
  File "/var/lib/juju/agents/unit-mongodb-1/charm/venv/pymongo/_csot.py", line 108, in csot_wrapper
    return func(self, *args, **kwargs)
  File "/var/lib/juju/agents/unit-mongodb-1/charm/venv/pymongo/database.py", line 897, in command
    return self._command(
  File "/var/lib/juju/agents/unit-mongodb-1/charm/venv/pymongo/database.py", line 737, in _command
    return conn.command(
  File "/var/lib/juju/agents/unit-mongodb-1/charm/venv/pymongo/helpers.py", line 342, in inner
    return func(*args, **kwargs)
  File "/var/lib/juju/agents/unit-mongodb-1/charm/venv/pymongo/pool.py", line 989, in command
    return command(
  File "/var/lib/juju/agents/unit-mongodb-1/charm/venv/pymongo/network.py", line 212, in command
    helpers._check_command_response(
  File "/var/lib/juju/agents/unit-mongodb-1/charm/venv/pymongo/helpers.py", line 248, in _check_command_response
    raise OperationFailure(errmsg, code, response, max_wire_version)
pymongo.errors.OperationFailure: Error preflighting UTF-8 conversion: U_STRING_NOT_TERMINATED_WARNING, full error: {'ok': 0.0, 'errmsg': 'Error preflighting UTF-8 conversion: U_STRING_NOT_TERMINATED_WARNING', 'code': 50687, 'codeName': 'Location50687', '$clusterTime': {'clusterTime': Timestamp(1722735995, 2), 'signature': {'hash': b'$1\x13]E\x9b\xde@\xf1&\xb5JI\xb6:F\xc7\x90t\xc8', 'keyId': 7399094272835715079}}, 'operationTime': Timestamp(1722735995, 2)}

During handling of the above exception, another exception occurred:

Traceback (most recent call last):
  File "/var/lib/juju/agents/unit-mongodb-1/charm/./src/charm.py", line 713, in _on_set_password
    secret_id = self.set_password(username, new_password)
  File "/var/lib/juju/agents/unit-mongodb-1/charm/./src/charm.py", line 750, in set_password
    raise SetPasswordError(f"Failed changing the password: {e}")
SetPasswordError: Failed changing the password: Error preflighting UTF-8 conversion: U_STRING_NOT_TERMINATED_WARNING, full error: {'ok': 0.0, 'errmsg': 'Error preflighting UTF-8 conversion: U_STRING_NOT_TERMINATED_WARNING', 'code': 50687, 'codeName': 'Location50687', '$clusterTime': {'clusterTime': Timestamp(1722735995, 2), 'signature': {'hash': b'$1\x13]E\x9b\xde@\xf1&\xb5JI\xb6:F\xc7\x90t\xc8', 'keyId': 7399094272835715079}}, 'operationTime': Timestamp(1722735995, 2)}

During handling of the above exception, another exception occurred:

Traceback (most recent call last):
  File "/var/lib/juju/agents/unit-mongodb-1/charm/./src/charm.py", line 1644, in <module>
    main(MongodbOperatorCharm)
  File "/var/lib/juju/agents/unit-mongodb-1/charm/venv/ops/main.py", line 551, in main
    manager.run()
  File "/var/lib/juju/agents/unit-mongodb-1/charm/venv/ops/main.py", line 530, in run
    self._emit()
  File "/var/lib/juju/agents/unit-mongodb-1/charm/venv/ops/main.py", line 519, in _emit
    _emit_charm_event(self.charm, self.dispatcher.event_name)
  File "/var/lib/juju/agents/unit-mongodb-1/charm/venv/ops/main.py", line 147, in _emit_charm_event
    event_to_emit.emit(*args, **kwargs)
  File "/var/lib/juju/agents/unit-mongodb-1/charm/venv/ops/framework.py", line 348, in emit
    framework._emit(event)
  File "/var/lib/juju/agents/unit-mongodb-1/charm/venv/ops/framework.py", line 860, in _emit
    self._reemit(event_path)
  File "/var/lib/juju/agents/unit-mongodb-1/charm/venv/ops/framework.py", line 950, in _reemit
    custom_handler(event)
  File "/var/lib/juju/agents/unit-mongodb-1/charm/./src/charm.py", line 715, in _on_set_password
    event.fail(e)
  File "/var/lib/juju/agents/unit-mongodb-1/charm/venv/ops/charm.py", line 225, in fail
    self.framework.model._backend.action_fail(message)
  File "/var/lib/juju/agents/unit-mongodb-1/charm/venv/ops/model.py", line 3439, in action_fail
    self._run('action-fail', message)
  File "/var/lib/juju/agents/unit-mongodb-1/charm/venv/ops/model.py", line 3187, in _run
    result = subprocess.run(args, **kwargs)  # type: ignore
  File "/usr/lib/python3.10/subprocess.py", line 503, in run
    with Popen(*popenargs, **kwargs) as process:
  File "/usr/lib/python3.10/subprocess.py", line 971, in __init__
    self._execute_child(args, executable, preexec_fn, close_fds,
  File "/usr/lib/python3.10/subprocess.py", line 1796, in _execute_child
    self.pid = _posixsubprocess.fork_exec(
TypeError: expected str, bytes or os.PathLike object, not SetPasswordError

[32mINFO    [0m pytest_operator.plugin:plugin.py:904 Forgetting main...