{"uid":"87da77337a25c01","name":"test_immediate_relate","fullName":"tests.integration.sharding_tests.test_sharding_race_conds#test_immediate_relate","historyId":"6d3d160847bb4b88408978fb9aa15386","time":{"start":1738546452520,"stop":1738548252884,"duration":1800364},"description":"Tests the immediate integration of cluster components works without error.","descriptionHtml":"<p>Tests the immediate integration of cluster components works without error.</p>\n","status":"broken","statusMessage":"asyncio.exceptions.TimeoutError: Timed out waiting for model:\nconfig-server-one/0 [idle] waiting: Waiting for shards to upgrade/downgrade to revision 1+f45b524-dirty-locally built.\n  config-server-one/1 [idle] waiting: Waiting for shards to upgrade/downgrade to revision 1+f45b524-dirty-locally built.\n  shard-one/0 [idle] waiting: Waiting to sync passwords across the cluster\n  shard-one/1 [idle] waiting: Waiting to sync passwords across the cluster\n  shard-two/0 [executing] maintenance: installing MongoDB\n  shard-two/1 [idle] waiting: waiting for MongoDB to start\n  shard-three/0 [idle] waiting: Waiting to sync passwords across the cluster\n  shard-three/1 [idle] waiting: Waiting to sync passwords across the cluster","statusTrace":"Traceback (most recent call last):\n  File \"/home/ubuntu/actions-runner/_work/mongodb-operator/mongodb-operator/.tox/integration/lib/python3.10/site-packages/_pytest/runner.py\", line 341, in from_call\n    result: TResult | None = func()\n  File \"/home/ubuntu/actions-runner/_work/mongodb-operator/mongodb-operator/.tox/integration/lib/python3.10/site-packages/_pytest/runner.py\", line 242, in <lambda>\n    lambda: runtest_hook(item=item, **kwds), when=when, reraise=reraise\n  File \"/home/ubuntu/actions-runner/_work/mongodb-operator/mongodb-operator/.tox/integration/lib/python3.10/site-packages/pluggy/_hooks.py\", line 513, in __call__\n    return self._hookexec(self.name, self._hookimpls.copy(), kwargs, firstresult)\n  File \"/home/ubuntu/actions-runner/_work/mongodb-operator/mongodb-operator/.tox/integration/lib/python3.10/site-packages/pluggy/_manager.py\", line 120, in _hookexec\n    return self._inner_hookexec(hook_name, methods, kwargs, firstresult)\n  File \"/home/ubuntu/actions-runner/_work/mongodb-operator/mongodb-operator/.tox/integration/lib/python3.10/site-packages/pluggy/_callers.py\", line 182, in _multicall\n    return outcome.get_result()\n  File \"/home/ubuntu/actions-runner/_work/mongodb-operator/mongodb-operator/.tox/integration/lib/python3.10/site-packages/pluggy/_result.py\", line 100, in get_result\n    raise exc.with_traceback(exc.__traceback__)\n  File \"/home/ubuntu/actions-runner/_work/mongodb-operator/mongodb-operator/.tox/integration/lib/python3.10/site-packages/pluggy/_callers.py\", line 167, in _multicall\n    teardown.throw(outcome._exception)\n  File \"/home/ubuntu/actions-runner/_work/mongodb-operator/mongodb-operator/.tox/integration/lib/python3.10/site-packages/_pytest/threadexception.py\", line 92, in pytest_runtest_call\n    yield from thread_exception_runtest_hook()\n  File \"/home/ubuntu/actions-runner/_work/mongodb-operator/mongodb-operator/.tox/integration/lib/python3.10/site-packages/_pytest/threadexception.py\", line 68, in thread_exception_runtest_hook\n    yield\n  File \"/home/ubuntu/actions-runner/_work/mongodb-operator/mongodb-operator/.tox/integration/lib/python3.10/site-packages/pluggy/_callers.py\", line 167, in _multicall\n    teardown.throw(outcome._exception)\n  File \"/home/ubuntu/actions-runner/_work/mongodb-operator/mongodb-operator/.tox/integration/lib/python3.10/site-packages/_pytest/unraisableexception.py\", line 95, in pytest_runtest_call\n    yield from unraisable_exception_runtest_hook()\n  File \"/home/ubuntu/actions-runner/_work/mongodb-operator/mongodb-operator/.tox/integration/lib/python3.10/site-packages/_pytest/unraisableexception.py\", line 70, in unraisable_exception_runtest_hook\n    yield\n  File \"/home/ubuntu/actions-runner/_work/mongodb-operator/mongodb-operator/.tox/integration/lib/python3.10/site-packages/pluggy/_callers.py\", line 167, in _multicall\n    teardown.throw(outcome._exception)\n  File \"/home/ubuntu/actions-runner/_work/mongodb-operator/mongodb-operator/.tox/integration/lib/python3.10/site-packages/_pytest/logging.py\", line 846, in pytest_runtest_call\n    yield from self._runtest_for(item, \"call\")\n  File \"/home/ubuntu/actions-runner/_work/mongodb-operator/mongodb-operator/.tox/integration/lib/python3.10/site-packages/_pytest/logging.py\", line 829, in _runtest_for\n    yield\n  File \"/home/ubuntu/actions-runner/_work/mongodb-operator/mongodb-operator/.tox/integration/lib/python3.10/site-packages/pluggy/_callers.py\", line 167, in _multicall\n    teardown.throw(outcome._exception)\n  File \"/home/ubuntu/actions-runner/_work/mongodb-operator/mongodb-operator/.tox/integration/lib/python3.10/site-packages/_pytest/capture.py\", line 880, in pytest_runtest_call\n    return (yield)\n  File \"/home/ubuntu/actions-runner/_work/mongodb-operator/mongodb-operator/.tox/integration/lib/python3.10/site-packages/pluggy/_callers.py\", line 167, in _multicall\n    teardown.throw(outcome._exception)\n  File \"/home/ubuntu/actions-runner/_work/mongodb-operator/mongodb-operator/.tox/integration/lib/python3.10/site-packages/_pytest/skipping.py\", line 257, in pytest_runtest_call\n    return (yield)\n  File \"/home/ubuntu/actions-runner/_work/mongodb-operator/mongodb-operator/.tox/integration/lib/python3.10/site-packages/pluggy/_callers.py\", line 103, in _multicall\n    res = hook_impl.function(*args)\n  File \"/home/ubuntu/actions-runner/_work/mongodb-operator/mongodb-operator/.tox/integration/lib/python3.10/site-packages/_pytest/runner.py\", line 174, in pytest_runtest_call\n    item.runtest()\n  File \"/home/ubuntu/actions-runner/_work/mongodb-operator/mongodb-operator/.tox/integration/lib/python3.10/site-packages/_pytest/python.py\", line 1627, in runtest\n    self.ihook.pytest_pyfunc_call(pyfuncitem=self)\n  File \"/home/ubuntu/actions-runner/_work/mongodb-operator/mongodb-operator/.tox/integration/lib/python3.10/site-packages/pluggy/_hooks.py\", line 513, in __call__\n    return self._hookexec(self.name, self._hookimpls.copy(), kwargs, firstresult)\n  File \"/home/ubuntu/actions-runner/_work/mongodb-operator/mongodb-operator/.tox/integration/lib/python3.10/site-packages/pluggy/_manager.py\", line 120, in _hookexec\n    return self._inner_hookexec(hook_name, methods, kwargs, firstresult)\n  File \"/home/ubuntu/actions-runner/_work/mongodb-operator/mongodb-operator/.tox/integration/lib/python3.10/site-packages/pluggy/_callers.py\", line 182, in _multicall\n    return outcome.get_result()\n  File \"/home/ubuntu/actions-runner/_work/mongodb-operator/mongodb-operator/.tox/integration/lib/python3.10/site-packages/pluggy/_result.py\", line 100, in get_result\n    raise exc.with_traceback(exc.__traceback__)\n  File \"/home/ubuntu/actions-runner/_work/mongodb-operator/mongodb-operator/.tox/integration/lib/python3.10/site-packages/pluggy/_callers.py\", line 103, in _multicall\n    res = hook_impl.function(*args)\n  File \"/home/ubuntu/actions-runner/_work/mongodb-operator/mongodb-operator/.tox/integration/lib/python3.10/site-packages/_pytest/python.py\", line 159, in pytest_pyfunc_call\n    result = testfunction(**testargs)\n  File \"/home/ubuntu/actions-runner/_work/mongodb-operator/mongodb-operator/.tox/integration/lib/python3.10/site-packages/pytest_asyncio/plugin.py\", line 529, in inner\n    _loop.run_until_complete(task)\n  File \"/usr/lib/python3.10/asyncio/base_events.py\", line 649, in run_until_complete\n    return future.result()\n  File \"/home/ubuntu/actions-runner/_work/mongodb-operator/mongodb-operator/tests/integration/sharding_tests/test_sharding_race_conds.py\", line 67, in test_immediate_relate\n    await ops_test.model.wait_for_idle(\n  File \"/home/ubuntu/actions-runner/_work/mongodb-operator/mongodb-operator/.tox/integration/lib/python3.10/site-packages/juju/model.py\", line 2969, in wait_for_idle\n    raise jasyncio.TimeoutError(\"Timed out waiting for model:\\n\" + busy)\nasyncio.exceptions.TimeoutError: Timed out waiting for model:\nconfig-server-one/0 [idle] waiting: Waiting for shards to upgrade/downgrade to revision 1+f45b524-dirty-locally built.\n  config-server-one/1 [idle] waiting: Waiting for shards to upgrade/downgrade to revision 1+f45b524-dirty-locally built.\n  shard-one/0 [idle] waiting: Waiting to sync passwords across the cluster\n  shard-one/1 [idle] waiting: Waiting to sync passwords across the cluster\n  shard-two/0 [executing] maintenance: installing MongoDB\n  shard-two/1 [idle] waiting: waiting for MongoDB to start\n  shard-three/0 [idle] waiting: Waiting to sync passwords across the cluster\n  shard-three/1 [idle] waiting: Waiting to sync passwords across the cluster","flaky":false,"newFailed":false,"newBroken":true,"newPassed":false,"retriesCount":1,"retriesStatusChange":true,"beforeStages":[{"name":"ops_test","time":{"start":1738546328707,"stop":1738546328872,"duration":165},"status":"passed","steps":[],"attachments":[],"parameters":[],"shouldDisplayMessage":false,"stepsCount":0,"attachmentsCount":0,"hasContent":false,"attachmentStep":false},{"name":"tmp_path_factory","time":{"start":1738546328707,"stop":1738546328707,"duration":0},"status":"passed","steps":[],"attachments":[],"parameters":[],"shouldDisplayMessage":false,"stepsCount":0,"attachmentsCount":0,"hasContent":false,"attachmentStep":false},{"name":"event_loop","time":{"start":1738546328707,"stop":1738546328707,"duration":0},"status":"passed","steps":[],"attachments":[],"parameters":[],"shouldDisplayMessage":false,"stepsCount":0,"attachmentsCount":0,"hasContent":false,"attachmentStep":false},{"name":"abort_on_fail","time":{"start":1738546452519,"stop":1738546452519,"duration":0},"status":"passed","steps":[],"attachments":[],"parameters":[],"shouldDisplayMessage":false,"stepsCount":0,"attachmentsCount":0,"hasContent":false,"attachmentStep":false}],"testStage":{"description":"Tests the immediate integration of cluster components works without error.","status":"broken","statusMessage":"asyncio.exceptions.TimeoutError: Timed out waiting for model:\nconfig-server-one/0 [idle] waiting: Waiting for shards to upgrade/downgrade to revision 1+f45b524-dirty-locally built.\n  config-server-one/1 [idle] waiting: Waiting for shards to upgrade/downgrade to revision 1+f45b524-dirty-locally built.\n  shard-one/0 [idle] waiting: Waiting to sync passwords across the cluster\n  shard-one/1 [idle] waiting: Waiting to sync passwords across the cluster\n  shard-two/0 [executing] maintenance: installing MongoDB\n  shard-two/1 [idle] waiting: waiting for MongoDB to start\n  shard-three/0 [idle] waiting: Waiting to sync passwords across the cluster\n  shard-three/1 [idle] waiting: Waiting to sync passwords across the cluster","statusTrace":"Traceback (most recent call last):\n  File \"/home/ubuntu/actions-runner/_work/mongodb-operator/mongodb-operator/.tox/integration/lib/python3.10/site-packages/_pytest/runner.py\", line 341, in from_call\n    result: TResult | None = func()\n  File \"/home/ubuntu/actions-runner/_work/mongodb-operator/mongodb-operator/.tox/integration/lib/python3.10/site-packages/_pytest/runner.py\", line 242, in <lambda>\n    lambda: runtest_hook(item=item, **kwds), when=when, reraise=reraise\n  File \"/home/ubuntu/actions-runner/_work/mongodb-operator/mongodb-operator/.tox/integration/lib/python3.10/site-packages/pluggy/_hooks.py\", line 513, in __call__\n    return self._hookexec(self.name, self._hookimpls.copy(), kwargs, firstresult)\n  File \"/home/ubuntu/actions-runner/_work/mongodb-operator/mongodb-operator/.tox/integration/lib/python3.10/site-packages/pluggy/_manager.py\", line 120, in _hookexec\n    return self._inner_hookexec(hook_name, methods, kwargs, firstresult)\n  File \"/home/ubuntu/actions-runner/_work/mongodb-operator/mongodb-operator/.tox/integration/lib/python3.10/site-packages/pluggy/_callers.py\", line 182, in _multicall\n    return outcome.get_result()\n  File \"/home/ubuntu/actions-runner/_work/mongodb-operator/mongodb-operator/.tox/integration/lib/python3.10/site-packages/pluggy/_result.py\", line 100, in get_result\n    raise exc.with_traceback(exc.__traceback__)\n  File \"/home/ubuntu/actions-runner/_work/mongodb-operator/mongodb-operator/.tox/integration/lib/python3.10/site-packages/pluggy/_callers.py\", line 167, in _multicall\n    teardown.throw(outcome._exception)\n  File \"/home/ubuntu/actions-runner/_work/mongodb-operator/mongodb-operator/.tox/integration/lib/python3.10/site-packages/_pytest/threadexception.py\", line 92, in pytest_runtest_call\n    yield from thread_exception_runtest_hook()\n  File \"/home/ubuntu/actions-runner/_work/mongodb-operator/mongodb-operator/.tox/integration/lib/python3.10/site-packages/_pytest/threadexception.py\", line 68, in thread_exception_runtest_hook\n    yield\n  File \"/home/ubuntu/actions-runner/_work/mongodb-operator/mongodb-operator/.tox/integration/lib/python3.10/site-packages/pluggy/_callers.py\", line 167, in _multicall\n    teardown.throw(outcome._exception)\n  File \"/home/ubuntu/actions-runner/_work/mongodb-operator/mongodb-operator/.tox/integration/lib/python3.10/site-packages/_pytest/unraisableexception.py\", line 95, in pytest_runtest_call\n    yield from unraisable_exception_runtest_hook()\n  File \"/home/ubuntu/actions-runner/_work/mongodb-operator/mongodb-operator/.tox/integration/lib/python3.10/site-packages/_pytest/unraisableexception.py\", line 70, in unraisable_exception_runtest_hook\n    yield\n  File \"/home/ubuntu/actions-runner/_work/mongodb-operator/mongodb-operator/.tox/integration/lib/python3.10/site-packages/pluggy/_callers.py\", line 167, in _multicall\n    teardown.throw(outcome._exception)\n  File \"/home/ubuntu/actions-runner/_work/mongodb-operator/mongodb-operator/.tox/integration/lib/python3.10/site-packages/_pytest/logging.py\", line 846, in pytest_runtest_call\n    yield from self._runtest_for(item, \"call\")\n  File \"/home/ubuntu/actions-runner/_work/mongodb-operator/mongodb-operator/.tox/integration/lib/python3.10/site-packages/_pytest/logging.py\", line 829, in _runtest_for\n    yield\n  File \"/home/ubuntu/actions-runner/_work/mongodb-operator/mongodb-operator/.tox/integration/lib/python3.10/site-packages/pluggy/_callers.py\", line 167, in _multicall\n    teardown.throw(outcome._exception)\n  File \"/home/ubuntu/actions-runner/_work/mongodb-operator/mongodb-operator/.tox/integration/lib/python3.10/site-packages/_pytest/capture.py\", line 880, in pytest_runtest_call\n    return (yield)\n  File \"/home/ubuntu/actions-runner/_work/mongodb-operator/mongodb-operator/.tox/integration/lib/python3.10/site-packages/pluggy/_callers.py\", line 167, in _multicall\n    teardown.throw(outcome._exception)\n  File \"/home/ubuntu/actions-runner/_work/mongodb-operator/mongodb-operator/.tox/integration/lib/python3.10/site-packages/_pytest/skipping.py\", line 257, in pytest_runtest_call\n    return (yield)\n  File \"/home/ubuntu/actions-runner/_work/mongodb-operator/mongodb-operator/.tox/integration/lib/python3.10/site-packages/pluggy/_callers.py\", line 103, in _multicall\n    res = hook_impl.function(*args)\n  File \"/home/ubuntu/actions-runner/_work/mongodb-operator/mongodb-operator/.tox/integration/lib/python3.10/site-packages/_pytest/runner.py\", line 174, in pytest_runtest_call\n    item.runtest()\n  File \"/home/ubuntu/actions-runner/_work/mongodb-operator/mongodb-operator/.tox/integration/lib/python3.10/site-packages/_pytest/python.py\", line 1627, in runtest\n    self.ihook.pytest_pyfunc_call(pyfuncitem=self)\n  File \"/home/ubuntu/actions-runner/_work/mongodb-operator/mongodb-operator/.tox/integration/lib/python3.10/site-packages/pluggy/_hooks.py\", line 513, in __call__\n    return self._hookexec(self.name, self._hookimpls.copy(), kwargs, firstresult)\n  File \"/home/ubuntu/actions-runner/_work/mongodb-operator/mongodb-operator/.tox/integration/lib/python3.10/site-packages/pluggy/_manager.py\", line 120, in _hookexec\n    return self._inner_hookexec(hook_name, methods, kwargs, firstresult)\n  File \"/home/ubuntu/actions-runner/_work/mongodb-operator/mongodb-operator/.tox/integration/lib/python3.10/site-packages/pluggy/_callers.py\", line 182, in _multicall\n    return outcome.get_result()\n  File \"/home/ubuntu/actions-runner/_work/mongodb-operator/mongodb-operator/.tox/integration/lib/python3.10/site-packages/pluggy/_result.py\", line 100, in get_result\n    raise exc.with_traceback(exc.__traceback__)\n  File \"/home/ubuntu/actions-runner/_work/mongodb-operator/mongodb-operator/.tox/integration/lib/python3.10/site-packages/pluggy/_callers.py\", line 103, in _multicall\n    res = hook_impl.function(*args)\n  File \"/home/ubuntu/actions-runner/_work/mongodb-operator/mongodb-operator/.tox/integration/lib/python3.10/site-packages/_pytest/python.py\", line 159, in pytest_pyfunc_call\n    result = testfunction(**testargs)\n  File \"/home/ubuntu/actions-runner/_work/mongodb-operator/mongodb-operator/.tox/integration/lib/python3.10/site-packages/pytest_asyncio/plugin.py\", line 529, in inner\n    _loop.run_until_complete(task)\n  File \"/usr/lib/python3.10/asyncio/base_events.py\", line 649, in run_until_complete\n    return future.result()\n  File \"/home/ubuntu/actions-runner/_work/mongodb-operator/mongodb-operator/tests/integration/sharding_tests/test_sharding_race_conds.py\", line 67, in test_immediate_relate\n    await ops_test.model.wait_for_idle(\n  File \"/home/ubuntu/actions-runner/_work/mongodb-operator/mongodb-operator/.tox/integration/lib/python3.10/site-packages/juju/model.py\", line 2969, in wait_for_idle\n    raise jasyncio.TimeoutError(\"Timed out waiting for model:\\n\" + busy)\nasyncio.exceptions.TimeoutError: Timed out waiting for model:\nconfig-server-one/0 [idle] waiting: Waiting for shards to upgrade/downgrade to revision 1+f45b524-dirty-locally built.\n  config-server-one/1 [idle] waiting: Waiting for shards to upgrade/downgrade to revision 1+f45b524-dirty-locally built.\n  shard-one/0 [idle] waiting: Waiting to sync passwords across the cluster\n  shard-one/1 [idle] waiting: Waiting to sync passwords across the cluster\n  shard-two/0 [executing] maintenance: installing MongoDB\n  shard-two/1 [idle] waiting: waiting for MongoDB to start\n  shard-three/0 [idle] waiting: Waiting to sync passwords across the cluster\n  shard-three/1 [idle] waiting: Waiting to sync passwords across the cluster","steps":[],"attachments":[{"uid":"4640714b3a98e50b","name":"log","source":"4640714b3a98e50b.txt","type":"text/plain","size":49459}],"parameters":[],"shouldDisplayMessage":true,"stepsCount":0,"attachmentsCount":1,"hasContent":true,"attachmentStep":false},"afterStages":[{"name":"abort_on_fail::0","time":{"start":1738548252887,"stop":1738548252887,"duration":0},"status":"passed","steps":[],"attachments":[],"parameters":[],"shouldDisplayMessage":false,"stepsCount":0,"attachmentsCount":0,"hasContent":false,"attachmentStep":false},{"name":"ops_test::finalizer","time":{"start":1738548252888,"stop":1738548253755,"duration":867},"status":"passed","steps":[],"attachments":[],"parameters":[],"shouldDisplayMessage":false,"stepsCount":0,"attachmentsCount":0,"hasContent":false,"attachmentStep":false},{"name":"event_loop::2","time":{"start":1738548253756,"stop":1738548253756,"duration":0},"status":"passed","steps":[],"attachments":[],"parameters":[],"shouldDisplayMessage":false,"stepsCount":0,"attachmentsCount":0,"hasContent":false,"attachmentStep":false},{"name":"event_loop::_close_event_loop","time":{"start":1738548253756,"stop":1738548253756,"duration":0},"status":"passed","steps":[],"attachments":[],"parameters":[],"shouldDisplayMessage":false,"stepsCount":0,"attachmentsCount":0,"hasContent":false,"attachmentStep":false},{"name":"event_loop::_provide_clean_event_loop","time":{"start":1738548253756,"stop":1738548253757,"duration":1},"status":"passed","steps":[],"attachments":[],"parameters":[],"shouldDisplayMessage":false,"stepsCount":0,"attachmentsCount":0,"hasContent":false,"attachmentStep":false}],"labels":[{"name":"tag","value":"abort_on_fail"},{"name":"tag","value":"group(1)"},{"name":"tag","value":"runner(['self-hosted', 'linux', 'X64', 'jammy', 'large'])"},{"name":"tag","value":"asyncio"},{"name":"parentSuite","value":"tests.integration.sharding_tests"},{"name":"suite","value":"test_sharding_race_conds"},{"name":"host","value":"github-runner"},{"name":"thread","value":"16313-MainThread"},{"name":"framework","value":"pytest"},{"name":"language","value":"cpython3"},{"name":"package","value":"tests.integration.sharding_tests.test_sharding_race_conds"},{"name":"resultFormat","value":"allure2"}],"parameters":[],"links":[],"hidden":false,"retry":false,"extra":{"severity":"normal","retries":[{"uid":"43951a95a8485a48","status":"unknown","time":{}}],"categories":[{"name":"Test defects","matchedStatuses":[],"flaky":false}],"history":{"statistic":{"failed":0,"broken":3,"skipped":0,"passed":157,"unknown":5,"total":165},"items":[{"uid":"a33bc6bf05c5304d","reportUrl":"../2558//#testresult/a33bc6bf05c5304d","status":"passed","time":{"start":1738460389353,"stop":1738461637267,"duration":1247914}},{"uid":"e0fd6817eb2bb629","reportUrl":"../2557//#testresult/e0fd6817eb2bb629","status":"passed","time":{"start":1738373755309,"stop":1738374222309,"duration":467000}},{"uid":"8705902245d0272d","reportUrl":"../2548//#testresult/8705902245d0272d","status":"passed","time":{"start":1738287276977,"stop":1738287627711,"duration":350734}},{"uid":"c6a7596c708657de","reportUrl":"../2543//#testresult/c6a7596c708657de","status":"passed","time":{"start":1738200948608,"stop":1738201517744,"duration":569136}},{"uid":"7f67b5b5be9bed3a","reportUrl":"../2540//#testresult/7f67b5b5be9bed3a","status":"passed","time":{"start":1738114580326,"stop":1738115067602,"duration":487276}},{"uid":"b2d64f06c7ff0a78","reportUrl":"../2537//#testresult/b2d64f06c7ff0a78","status":"passed","time":{"start":1738028130998,"stop":1738028716553,"duration":585555}},{"uid":"887f806c516c021","reportUrl":"../2532//#testresult/887f806c516c021","status":"passed","time":{"start":1737941737997,"stop":1737942381736,"duration":643739}},{"uid":"cb5ed7e738b06346","reportUrl":"../2531//#testresult/cb5ed7e738b06346","status":"passed","time":{"start":1737855196278,"stop":1737855552172,"duration":355894}},{"uid":"af692e500d1a5593","reportUrl":"../2530//#testresult/af692e500d1a5593","status":"passed","time":{"start":1737768888183,"stop":1737769502696,"duration":614513}},{"uid":"4261c0d19fb23763","reportUrl":"../2528//#testresult/4261c0d19fb23763","status":"passed","time":{"start":1737682533072,"stop":1737682971595,"duration":438523}},{"uid":"cce82259ff3213fb","reportUrl":"../2527//#testresult/cce82259ff3213fb","status":"passed","time":{"start":1737596524219,"stop":1737597526941,"duration":1002722}},{"uid":"dffed237062f3a46","reportUrl":"../2522//#testresult/dffed237062f3a46","status":"passed","time":{"start":1737509998717,"stop":1737510904197,"duration":905480}},{"uid":"e59b03bcef88dda6","reportUrl":"../2516//#testresult/e59b03bcef88dda6","status":"passed","time":{"start":1737424425996,"stop":1737425205363,"duration":779367}},{"uid":"920d1938cae06fec","reportUrl":"../2506//#testresult/920d1938cae06fec","status":"passed","time":{"start":1737337147399,"stop":1737338458841,"duration":1311442}},{"uid":"a9acd10d74f91e35","reportUrl":"../2505//#testresult/a9acd10d74f91e35","status":"passed","time":{"start":1737250761975,"stop":1737251415537,"duration":653562}},{"uid":"5c8a76e54576aa12","reportUrl":"../2504//#testresult/5c8a76e54576aa12","status":"passed","time":{"start":1737164737485,"stop":1737165675404,"duration":937919}},{"uid":"822d8e52f0c40144","reportUrl":"../2501//#testresult/822d8e52f0c40144","status":"passed","time":{"start":1737077982504,"stop":1737078864255,"duration":881751}},{"uid":"3eed27888507b093","reportUrl":"../2499//#testresult/3eed27888507b093","status":"passed","time":{"start":1736991598287,"stop":1736992247955,"duration":649668}},{"uid":"8305502986eec217","reportUrl":"../2496//#testresult/8305502986eec217","status":"passed","time":{"start":1736905135916,"stop":1736905476866,"duration":340950}},{"uid":"b13e90fa9f52eb7b","reportUrl":"../2493//#testresult/b13e90fa9f52eb7b","status":"passed","time":{"start":1736822911257,"stop":1736823772580,"duration":861323}}]},"tags":["runner(['self-hosted', 'linux', 'X64', 'jammy', 'large'])","asyncio","abort_on_fail","group(1)"]},"source":"87da77337a25c01.json","parameterValues":[]}