{"uid":"959358fa60df744a","name":"test_build_and_deploy","fullName":"tests.integration.ha_tests.test_ha#test_build_and_deploy","historyId":"c31efb8fe4533286375b841a31926d4e","time":{"start":1733541496275,"stop":1733542113452,"duration":617177},"description":"Build and deploy one unit of MongoDB.","descriptionHtml":"<p>Build and deploy one unit of MongoDB.</p>\n","status":"broken","statusMessage":"asyncio.exceptions.TimeoutError: Timed out waiting for model:\nmongodb/0 [executing] maintenance: installing MongoDB\n  mongodb/1 [executing] active: \n  mongodb/2 [executing] active:","statusTrace":"Traceback (most recent call last):\n  File \"/home/ubuntu/actions-runner/_work/mongodb-operator/mongodb-operator/.tox/integration/lib/python3.10/site-packages/_pytest/runner.py\", line 341, in from_call\n    result: TResult | None = func()\n  File \"/home/ubuntu/actions-runner/_work/mongodb-operator/mongodb-operator/.tox/integration/lib/python3.10/site-packages/_pytest/runner.py\", line 242, in <lambda>\n    lambda: runtest_hook(item=item, **kwds), when=when, reraise=reraise\n  File \"/home/ubuntu/actions-runner/_work/mongodb-operator/mongodb-operator/.tox/integration/lib/python3.10/site-packages/pluggy/_hooks.py\", line 513, in __call__\n    return self._hookexec(self.name, self._hookimpls.copy(), kwargs, firstresult)\n  File \"/home/ubuntu/actions-runner/_work/mongodb-operator/mongodb-operator/.tox/integration/lib/python3.10/site-packages/pluggy/_manager.py\", line 120, in _hookexec\n    return self._inner_hookexec(hook_name, methods, kwargs, firstresult)\n  File \"/home/ubuntu/actions-runner/_work/mongodb-operator/mongodb-operator/.tox/integration/lib/python3.10/site-packages/pluggy/_callers.py\", line 182, in _multicall\n    return outcome.get_result()\n  File \"/home/ubuntu/actions-runner/_work/mongodb-operator/mongodb-operator/.tox/integration/lib/python3.10/site-packages/pluggy/_result.py\", line 100, in get_result\n    raise exc.with_traceback(exc.__traceback__)\n  File \"/home/ubuntu/actions-runner/_work/mongodb-operator/mongodb-operator/.tox/integration/lib/python3.10/site-packages/pluggy/_callers.py\", line 167, in _multicall\n    teardown.throw(outcome._exception)\n  File \"/home/ubuntu/actions-runner/_work/mongodb-operator/mongodb-operator/.tox/integration/lib/python3.10/site-packages/_pytest/threadexception.py\", line 92, in pytest_runtest_call\n    yield from thread_exception_runtest_hook()\n  File \"/home/ubuntu/actions-runner/_work/mongodb-operator/mongodb-operator/.tox/integration/lib/python3.10/site-packages/_pytest/threadexception.py\", line 68, in thread_exception_runtest_hook\n    yield\n  File \"/home/ubuntu/actions-runner/_work/mongodb-operator/mongodb-operator/.tox/integration/lib/python3.10/site-packages/pluggy/_callers.py\", line 167, in _multicall\n    teardown.throw(outcome._exception)\n  File \"/home/ubuntu/actions-runner/_work/mongodb-operator/mongodb-operator/.tox/integration/lib/python3.10/site-packages/_pytest/unraisableexception.py\", line 95, in pytest_runtest_call\n    yield from unraisable_exception_runtest_hook()\n  File \"/home/ubuntu/actions-runner/_work/mongodb-operator/mongodb-operator/.tox/integration/lib/python3.10/site-packages/_pytest/unraisableexception.py\", line 70, in unraisable_exception_runtest_hook\n    yield\n  File \"/home/ubuntu/actions-runner/_work/mongodb-operator/mongodb-operator/.tox/integration/lib/python3.10/site-packages/pluggy/_callers.py\", line 167, in _multicall\n    teardown.throw(outcome._exception)\n  File \"/home/ubuntu/actions-runner/_work/mongodb-operator/mongodb-operator/.tox/integration/lib/python3.10/site-packages/_pytest/logging.py\", line 846, in pytest_runtest_call\n    yield from self._runtest_for(item, \"call\")\n  File \"/home/ubuntu/actions-runner/_work/mongodb-operator/mongodb-operator/.tox/integration/lib/python3.10/site-packages/_pytest/logging.py\", line 829, in _runtest_for\n    yield\n  File \"/home/ubuntu/actions-runner/_work/mongodb-operator/mongodb-operator/.tox/integration/lib/python3.10/site-packages/pluggy/_callers.py\", line 167, in _multicall\n    teardown.throw(outcome._exception)\n  File \"/home/ubuntu/actions-runner/_work/mongodb-operator/mongodb-operator/.tox/integration/lib/python3.10/site-packages/_pytest/capture.py\", line 880, in pytest_runtest_call\n    return (yield)\n  File \"/home/ubuntu/actions-runner/_work/mongodb-operator/mongodb-operator/.tox/integration/lib/python3.10/site-packages/pluggy/_callers.py\", line 167, in _multicall\n    teardown.throw(outcome._exception)\n  File \"/home/ubuntu/actions-runner/_work/mongodb-operator/mongodb-operator/.tox/integration/lib/python3.10/site-packages/_pytest/skipping.py\", line 257, in pytest_runtest_call\n    return (yield)\n  File \"/home/ubuntu/actions-runner/_work/mongodb-operator/mongodb-operator/.tox/integration/lib/python3.10/site-packages/pluggy/_callers.py\", line 103, in _multicall\n    res = hook_impl.function(*args)\n  File \"/home/ubuntu/actions-runner/_work/mongodb-operator/mongodb-operator/.tox/integration/lib/python3.10/site-packages/_pytest/runner.py\", line 174, in pytest_runtest_call\n    item.runtest()\n  File \"/home/ubuntu/actions-runner/_work/mongodb-operator/mongodb-operator/.tox/integration/lib/python3.10/site-packages/_pytest/python.py\", line 1627, in runtest\n    self.ihook.pytest_pyfunc_call(pyfuncitem=self)\n  File \"/home/ubuntu/actions-runner/_work/mongodb-operator/mongodb-operator/.tox/integration/lib/python3.10/site-packages/pluggy/_hooks.py\", line 513, in __call__\n    return self._hookexec(self.name, self._hookimpls.copy(), kwargs, firstresult)\n  File \"/home/ubuntu/actions-runner/_work/mongodb-operator/mongodb-operator/.tox/integration/lib/python3.10/site-packages/pluggy/_manager.py\", line 120, in _hookexec\n    return self._inner_hookexec(hook_name, methods, kwargs, firstresult)\n  File \"/home/ubuntu/actions-runner/_work/mongodb-operator/mongodb-operator/.tox/integration/lib/python3.10/site-packages/pluggy/_callers.py\", line 182, in _multicall\n    return outcome.get_result()\n  File \"/home/ubuntu/actions-runner/_work/mongodb-operator/mongodb-operator/.tox/integration/lib/python3.10/site-packages/pluggy/_result.py\", line 100, in get_result\n    raise exc.with_traceback(exc.__traceback__)\n  File \"/home/ubuntu/actions-runner/_work/mongodb-operator/mongodb-operator/.tox/integration/lib/python3.10/site-packages/pluggy/_callers.py\", line 103, in _multicall\n    res = hook_impl.function(*args)\n  File \"/home/ubuntu/actions-runner/_work/mongodb-operator/mongodb-operator/.tox/integration/lib/python3.10/site-packages/_pytest/python.py\", line 159, in pytest_pyfunc_call\n    result = testfunction(**testargs)\n  File \"/home/ubuntu/actions-runner/_work/mongodb-operator/mongodb-operator/.tox/integration/lib/python3.10/site-packages/pytest_asyncio/plugin.py\", line 529, in inner\n    _loop.run_until_complete(task)\n  File \"/usr/lib/python3.10/asyncio/base_events.py\", line 649, in run_until_complete\n    return future.result()\n  File \"/home/ubuntu/actions-runner/_work/mongodb-operator/mongodb-operator/tests/integration/ha_tests/test_ha.py\", line 84, in test_build_and_deploy\n    await ops_test.model.wait_for_idle()\n  File \"/home/ubuntu/actions-runner/_work/mongodb-operator/mongodb-operator/.tox/integration/lib/python3.10/site-packages/juju/model.py\", line 2969, in wait_for_idle\n    raise jasyncio.TimeoutError(\"Timed out waiting for model:\\n\" + busy)\nasyncio.exceptions.TimeoutError: Timed out waiting for model:\nmongodb/0 [executing] maintenance: installing MongoDB\n  mongodb/1 [executing] active: \n  mongodb/2 [executing] active:","flaky":false,"newFailed":false,"newBroken":true,"newPassed":false,"retriesCount":1,"retriesStatusChange":true,"beforeStages":[{"name":"ops_test","time":{"start":1733541496114,"stop":1733541496273,"duration":159},"status":"passed","steps":[],"attachments":[],"parameters":[],"stepsCount":0,"shouldDisplayMessage":false,"attachmentsCount":0,"hasContent":false,"attachmentStep":false},{"name":"tmp_path_factory","time":{"start":1733541496114,"stop":1733541496114,"duration":0},"status":"passed","steps":[],"attachments":[],"parameters":[],"stepsCount":0,"shouldDisplayMessage":false,"attachmentsCount":0,"hasContent":false,"attachmentStep":false},{"name":"event_loop","time":{"start":1733541496114,"stop":1733541496114,"duration":0},"status":"passed","steps":[],"attachments":[],"parameters":[],"stepsCount":0,"shouldDisplayMessage":false,"attachmentsCount":0,"hasContent":false,"attachmentStep":false},{"name":"abort_on_fail","time":{"start":1733541496273,"stop":1733541496273,"duration":0},"status":"passed","steps":[],"attachments":[],"parameters":[],"stepsCount":0,"shouldDisplayMessage":false,"attachmentsCount":0,"hasContent":false,"attachmentStep":false}],"testStage":{"description":"Build and deploy one unit of MongoDB.","status":"broken","statusMessage":"asyncio.exceptions.TimeoutError: Timed out waiting for model:\nmongodb/0 [executing] maintenance: installing MongoDB\n  mongodb/1 [executing] active: \n  mongodb/2 [executing] active:","statusTrace":"Traceback (most recent call last):\n  File \"/home/ubuntu/actions-runner/_work/mongodb-operator/mongodb-operator/.tox/integration/lib/python3.10/site-packages/_pytest/runner.py\", line 341, in from_call\n    result: TResult | None = func()\n  File \"/home/ubuntu/actions-runner/_work/mongodb-operator/mongodb-operator/.tox/integration/lib/python3.10/site-packages/_pytest/runner.py\", line 242, in <lambda>\n    lambda: runtest_hook(item=item, **kwds), when=when, reraise=reraise\n  File \"/home/ubuntu/actions-runner/_work/mongodb-operator/mongodb-operator/.tox/integration/lib/python3.10/site-packages/pluggy/_hooks.py\", line 513, in __call__\n    return self._hookexec(self.name, self._hookimpls.copy(), kwargs, firstresult)\n  File \"/home/ubuntu/actions-runner/_work/mongodb-operator/mongodb-operator/.tox/integration/lib/python3.10/site-packages/pluggy/_manager.py\", line 120, in _hookexec\n    return self._inner_hookexec(hook_name, methods, kwargs, firstresult)\n  File \"/home/ubuntu/actions-runner/_work/mongodb-operator/mongodb-operator/.tox/integration/lib/python3.10/site-packages/pluggy/_callers.py\", line 182, in _multicall\n    return outcome.get_result()\n  File \"/home/ubuntu/actions-runner/_work/mongodb-operator/mongodb-operator/.tox/integration/lib/python3.10/site-packages/pluggy/_result.py\", line 100, in get_result\n    raise exc.with_traceback(exc.__traceback__)\n  File \"/home/ubuntu/actions-runner/_work/mongodb-operator/mongodb-operator/.tox/integration/lib/python3.10/site-packages/pluggy/_callers.py\", line 167, in _multicall\n    teardown.throw(outcome._exception)\n  File \"/home/ubuntu/actions-runner/_work/mongodb-operator/mongodb-operator/.tox/integration/lib/python3.10/site-packages/_pytest/threadexception.py\", line 92, in pytest_runtest_call\n    yield from thread_exception_runtest_hook()\n  File \"/home/ubuntu/actions-runner/_work/mongodb-operator/mongodb-operator/.tox/integration/lib/python3.10/site-packages/_pytest/threadexception.py\", line 68, in thread_exception_runtest_hook\n    yield\n  File \"/home/ubuntu/actions-runner/_work/mongodb-operator/mongodb-operator/.tox/integration/lib/python3.10/site-packages/pluggy/_callers.py\", line 167, in _multicall\n    teardown.throw(outcome._exception)\n  File \"/home/ubuntu/actions-runner/_work/mongodb-operator/mongodb-operator/.tox/integration/lib/python3.10/site-packages/_pytest/unraisableexception.py\", line 95, in pytest_runtest_call\n    yield from unraisable_exception_runtest_hook()\n  File \"/home/ubuntu/actions-runner/_work/mongodb-operator/mongodb-operator/.tox/integration/lib/python3.10/site-packages/_pytest/unraisableexception.py\", line 70, in unraisable_exception_runtest_hook\n    yield\n  File \"/home/ubuntu/actions-runner/_work/mongodb-operator/mongodb-operator/.tox/integration/lib/python3.10/site-packages/pluggy/_callers.py\", line 167, in _multicall\n    teardown.throw(outcome._exception)\n  File \"/home/ubuntu/actions-runner/_work/mongodb-operator/mongodb-operator/.tox/integration/lib/python3.10/site-packages/_pytest/logging.py\", line 846, in pytest_runtest_call\n    yield from self._runtest_for(item, \"call\")\n  File \"/home/ubuntu/actions-runner/_work/mongodb-operator/mongodb-operator/.tox/integration/lib/python3.10/site-packages/_pytest/logging.py\", line 829, in _runtest_for\n    yield\n  File \"/home/ubuntu/actions-runner/_work/mongodb-operator/mongodb-operator/.tox/integration/lib/python3.10/site-packages/pluggy/_callers.py\", line 167, in _multicall\n    teardown.throw(outcome._exception)\n  File \"/home/ubuntu/actions-runner/_work/mongodb-operator/mongodb-operator/.tox/integration/lib/python3.10/site-packages/_pytest/capture.py\", line 880, in pytest_runtest_call\n    return (yield)\n  File \"/home/ubuntu/actions-runner/_work/mongodb-operator/mongodb-operator/.tox/integration/lib/python3.10/site-packages/pluggy/_callers.py\", line 167, in _multicall\n    teardown.throw(outcome._exception)\n  File \"/home/ubuntu/actions-runner/_work/mongodb-operator/mongodb-operator/.tox/integration/lib/python3.10/site-packages/_pytest/skipping.py\", line 257, in pytest_runtest_call\n    return (yield)\n  File \"/home/ubuntu/actions-runner/_work/mongodb-operator/mongodb-operator/.tox/integration/lib/python3.10/site-packages/pluggy/_callers.py\", line 103, in _multicall\n    res = hook_impl.function(*args)\n  File \"/home/ubuntu/actions-runner/_work/mongodb-operator/mongodb-operator/.tox/integration/lib/python3.10/site-packages/_pytest/runner.py\", line 174, in pytest_runtest_call\n    item.runtest()\n  File \"/home/ubuntu/actions-runner/_work/mongodb-operator/mongodb-operator/.tox/integration/lib/python3.10/site-packages/_pytest/python.py\", line 1627, in runtest\n    self.ihook.pytest_pyfunc_call(pyfuncitem=self)\n  File \"/home/ubuntu/actions-runner/_work/mongodb-operator/mongodb-operator/.tox/integration/lib/python3.10/site-packages/pluggy/_hooks.py\", line 513, in __call__\n    return self._hookexec(self.name, self._hookimpls.copy(), kwargs, firstresult)\n  File \"/home/ubuntu/actions-runner/_work/mongodb-operator/mongodb-operator/.tox/integration/lib/python3.10/site-packages/pluggy/_manager.py\", line 120, in _hookexec\n    return self._inner_hookexec(hook_name, methods, kwargs, firstresult)\n  File \"/home/ubuntu/actions-runner/_work/mongodb-operator/mongodb-operator/.tox/integration/lib/python3.10/site-packages/pluggy/_callers.py\", line 182, in _multicall\n    return outcome.get_result()\n  File \"/home/ubuntu/actions-runner/_work/mongodb-operator/mongodb-operator/.tox/integration/lib/python3.10/site-packages/pluggy/_result.py\", line 100, in get_result\n    raise exc.with_traceback(exc.__traceback__)\n  File \"/home/ubuntu/actions-runner/_work/mongodb-operator/mongodb-operator/.tox/integration/lib/python3.10/site-packages/pluggy/_callers.py\", line 103, in _multicall\n    res = hook_impl.function(*args)\n  File \"/home/ubuntu/actions-runner/_work/mongodb-operator/mongodb-operator/.tox/integration/lib/python3.10/site-packages/_pytest/python.py\", line 159, in pytest_pyfunc_call\n    result = testfunction(**testargs)\n  File \"/home/ubuntu/actions-runner/_work/mongodb-operator/mongodb-operator/.tox/integration/lib/python3.10/site-packages/pytest_asyncio/plugin.py\", line 529, in inner\n    _loop.run_until_complete(task)\n  File \"/usr/lib/python3.10/asyncio/base_events.py\", line 649, in run_until_complete\n    return future.result()\n  File \"/home/ubuntu/actions-runner/_work/mongodb-operator/mongodb-operator/tests/integration/ha_tests/test_ha.py\", line 84, in test_build_and_deploy\n    await ops_test.model.wait_for_idle()\n  File \"/home/ubuntu/actions-runner/_work/mongodb-operator/mongodb-operator/.tox/integration/lib/python3.10/site-packages/juju/model.py\", line 2969, in wait_for_idle\n    raise jasyncio.TimeoutError(\"Timed out waiting for model:\\n\" + busy)\nasyncio.exceptions.TimeoutError: Timed out waiting for model:\nmongodb/0 [executing] maintenance: installing MongoDB\n  mongodb/1 [executing] active: \n  mongodb/2 [executing] active:","steps":[],"attachments":[{"uid":"d1f18c8aeb7cd863","name":"log","source":"d1f18c8aeb7cd863.txt","type":"text/plain","size":4264}],"parameters":[],"stepsCount":0,"shouldDisplayMessage":true,"attachmentsCount":1,"hasContent":true,"attachmentStep":false},"afterStages":[{"name":"abort_on_fail::0","time":{"start":1733542113454,"stop":1733542113455,"duration":1},"status":"passed","steps":[],"attachments":[],"parameters":[],"stepsCount":0,"shouldDisplayMessage":false,"attachmentsCount":0,"hasContent":false,"attachmentStep":false},{"name":"ops_test::finalizer","time":{"start":1733542113484,"stop":1733542113771,"duration":287},"status":"passed","steps":[],"attachments":[],"parameters":[],"stepsCount":0,"shouldDisplayMessage":false,"attachmentsCount":0,"hasContent":false,"attachmentStep":false},{"name":"event_loop::2","time":{"start":1733542113772,"stop":1733542113772,"duration":0},"status":"passed","steps":[],"attachments":[],"parameters":[],"stepsCount":0,"shouldDisplayMessage":false,"attachmentsCount":0,"hasContent":false,"attachmentStep":false},{"name":"event_loop::_close_event_loop","time":{"start":1733542113772,"stop":1733542113772,"duration":0},"status":"passed","steps":[],"attachments":[],"parameters":[],"stepsCount":0,"shouldDisplayMessage":false,"attachmentsCount":0,"hasContent":false,"attachmentStep":false},{"name":"event_loop::_provide_clean_event_loop","time":{"start":1733542113772,"stop":1733542113772,"duration":0},"status":"passed","steps":[],"attachments":[],"parameters":[],"stepsCount":0,"shouldDisplayMessage":false,"attachmentsCount":0,"hasContent":false,"attachmentStep":false}],"labels":[{"name":"tag","value":"abort_on_fail"},{"name":"tag","value":"@pytest.mark.skipif(False, reason='skipping deploy, model expected to be provided.')"},{"name":"tag","value":"group(1)"},{"name":"tag","value":"runner(['self-hosted', 'linux', 'X64', 'jammy', 'large'])"},{"name":"tag","value":"asyncio"},{"name":"parentSuite","value":"tests.integration.ha_tests"},{"name":"suite","value":"test_ha"},{"name":"host","value":"github-runner"},{"name":"thread","value":"17815-MainThread"},{"name":"framework","value":"pytest"},{"name":"language","value":"cpython3"},{"name":"package","value":"tests.integration.ha_tests.test_ha"},{"name":"resultFormat","value":"allure2"}],"parameters":[],"links":[],"hidden":false,"retry":false,"extra":{"severity":"normal","retries":[{"uid":"ebc655b286736464","status":"unknown","time":{}}],"categories":[{"name":"Test defects","matchedStatuses":[],"flaky":false}],"history":{"statistic":{"failed":0,"broken":17,"skipped":0,"passed":106,"unknown":7,"total":130},"items":[{"uid":"2367039ae1cbe740","reportUrl":"../2432//#testresult/2367039ae1cbe740","status":"passed","time":{"start":1733454040394,"stop":1733454410743,"duration":370349}},{"uid":"e2ee560831f12831","reportUrl":"../2424//#testresult/e2ee560831f12831","status":"broken","statusDetails":"asyncio.exceptions.TimeoutError: Timed out waiting for model:\nmongodb/0 [executing] active: \n  mongodb/1 [executing] active: \n  mongodb/2 [executing] active:","time":{"start":1733370756989,"stop":1733371393834,"duration":636845}},{"uid":"d82fbf695a8dbc15","reportUrl":"../2419//#testresult/d82fbf695a8dbc15","status":"passed","time":{"start":1733280647684,"stop":1733280941860,"duration":294176}},{"uid":"7df92b50b57cd951","reportUrl":"../2418//#testresult/7df92b50b57cd951","status":"passed","time":{"start":1733194482530,"stop":1733194816138,"duration":333608}},{"uid":"1b4e16fa01b74095","reportUrl":"../2417//#testresult/1b4e16fa01b74095","status":"passed","time":{"start":1733110174006,"stop":1733110601569,"duration":427563}},{"uid":"ae0d99b5cb55dfa9","reportUrl":"../2416//#testresult/ae0d99b5cb55dfa9","status":"passed","time":{"start":1733023582263,"stop":1733023929482,"duration":347219}},{"uid":"53412c73c3029417","reportUrl":"../2415//#testresult/53412c73c3029417","status":"passed","time":{"start":1732939310075,"stop":1732939611264,"duration":301189}},{"uid":"efb0d663215a2ad6","reportUrl":"../2414//#testresult/efb0d663215a2ad6","status":"passed","time":{"start":1732851673019,"stop":1732852102886,"duration":429867}},{"uid":"147a004061fa3ef3","reportUrl":"../2413//#testresult/147a004061fa3ef3","status":"passed","time":{"start":1732765017334,"stop":1732765286744,"duration":269410}},{"uid":"2dc23f93f9a345e","reportUrl":"../2411//#testresult/2dc23f93f9a345e","status":"passed","time":{"start":1732679752937,"stop":1732679977079,"duration":224142}},{"uid":"58235eacc7f3bb05","reportUrl":"../2410//#testresult/58235eacc7f3bb05","status":"passed","time":{"start":1732590718162,"stop":1732591206624,"duration":488462}},{"uid":"2d424a8497983f7","reportUrl":"../2409//#testresult/2d424a8497983f7","status":"passed","time":{"start":1732505307739,"stop":1732505802587,"duration":494848}},{"uid":"1357f1b53164c4d9","reportUrl":"../2408//#testresult/1357f1b53164c4d9","status":"passed","time":{"start":1732419355597,"stop":1732419658707,"duration":303110}},{"uid":"a964be5fc2724e74","reportUrl":"../2407//#testresult/a964be5fc2724e74","status":"passed","time":{"start":1732329453735,"stop":1732329686610,"duration":232875}},{"uid":"366d534d5e55d766","reportUrl":"../2406//#testresult/366d534d5e55d766","status":"passed","time":{"start":1732246781115,"stop":1732247272611,"duration":491496}},{"uid":"4100d615fbb7e8b3","reportUrl":"../2405//#testresult/4100d615fbb7e8b3","status":"passed","time":{"start":1732155745622,"stop":1732156093174,"duration":347552}},{"uid":"7643f9ab5cf28ecc","reportUrl":"../2404//#testresult/7643f9ab5cf28ecc","status":"passed","time":{"start":1732073382821,"stop":1732073786850,"duration":404029}},{"uid":"e158456f80c9a4e7","reportUrl":"../2403//#testresult/e158456f80c9a4e7","status":"passed","time":{"start":1731989331342,"stop":1731989573864,"duration":242522}},{"uid":"a60808bac52b4917","reportUrl":"../2402//#testresult/a60808bac52b4917","status":"passed","time":{"start":1731896075652,"stop":1731896405747,"duration":330095}},{"uid":"d401dad57038acab","reportUrl":"../2401//#testresult/d401dad57038acab","status":"passed","time":{"start":1731808743763,"stop":1731809019934,"duration":276171}}]},"tags":["runner(['self-hosted', 'linux', 'X64', 'jammy', 'large'])","asyncio","abort_on_fail","group(1)","@pytest.mark.skipif(False, reason='skipping deploy, model expected to be provided.')"]},"source":"959358fa60df744a.json","parameterValues":[]}