{"uid":"f48f6fa5ec2c9229","name":"test_upgrade","fullName":"tests.integration.upgrade.test_sharding_upgrade#test_upgrade","historyId":"f03815fe6522a24600d8b20906b34773","time":{"start":1726451795144,"stop":1726452000669,"duration":205525},"description":"Verify that the sharded cluster can be safely upgraded without losing writes.","descriptionHtml":"<p>Verify that the sharded cluster can be safely upgraded without losing writes.</p>\n","status":"failed","statusMessage":"AssertionError: pre-upgrade-check failed, expected to succeed.\nassert 'failed' == 'completed'\n  \n  - completed\n  + failed","statusTrace":"Traceback (most recent call last):\n  File \"/home/ubuntu/actions-runner/_work/mongodb-operator/mongodb-operator/.tox/integration/lib/python3.10/site-packages/_pytest/runner.py\", line 341, in from_call\n    result: TResult | None = func()\n  File \"/home/ubuntu/actions-runner/_work/mongodb-operator/mongodb-operator/.tox/integration/lib/python3.10/site-packages/_pytest/runner.py\", line 242, in <lambda>\n    lambda: runtest_hook(item=item, **kwds), when=when, reraise=reraise\n  File \"/home/ubuntu/actions-runner/_work/mongodb-operator/mongodb-operator/.tox/integration/lib/python3.10/site-packages/pluggy/_hooks.py\", line 513, in __call__\n    return self._hookexec(self.name, self._hookimpls.copy(), kwargs, firstresult)\n  File \"/home/ubuntu/actions-runner/_work/mongodb-operator/mongodb-operator/.tox/integration/lib/python3.10/site-packages/pluggy/_manager.py\", line 120, in _hookexec\n    return self._inner_hookexec(hook_name, methods, kwargs, firstresult)\n  File \"/home/ubuntu/actions-runner/_work/mongodb-operator/mongodb-operator/.tox/integration/lib/python3.10/site-packages/pluggy/_callers.py\", line 182, in _multicall\n    return outcome.get_result()\n  File \"/home/ubuntu/actions-runner/_work/mongodb-operator/mongodb-operator/.tox/integration/lib/python3.10/site-packages/pluggy/_result.py\", line 100, in get_result\n    raise exc.with_traceback(exc.__traceback__)\n  File \"/home/ubuntu/actions-runner/_work/mongodb-operator/mongodb-operator/.tox/integration/lib/python3.10/site-packages/pluggy/_callers.py\", line 167, in _multicall\n    teardown.throw(outcome._exception)\n  File \"/home/ubuntu/actions-runner/_work/mongodb-operator/mongodb-operator/.tox/integration/lib/python3.10/site-packages/_pytest/threadexception.py\", line 92, in pytest_runtest_call\n    yield from thread_exception_runtest_hook()\n  File \"/home/ubuntu/actions-runner/_work/mongodb-operator/mongodb-operator/.tox/integration/lib/python3.10/site-packages/_pytest/threadexception.py\", line 68, in thread_exception_runtest_hook\n    yield\n  File \"/home/ubuntu/actions-runner/_work/mongodb-operator/mongodb-operator/.tox/integration/lib/python3.10/site-packages/pluggy/_callers.py\", line 167, in _multicall\n    teardown.throw(outcome._exception)\n  File \"/home/ubuntu/actions-runner/_work/mongodb-operator/mongodb-operator/.tox/integration/lib/python3.10/site-packages/_pytest/unraisableexception.py\", line 95, in pytest_runtest_call\n    yield from unraisable_exception_runtest_hook()\n  File \"/home/ubuntu/actions-runner/_work/mongodb-operator/mongodb-operator/.tox/integration/lib/python3.10/site-packages/_pytest/unraisableexception.py\", line 70, in unraisable_exception_runtest_hook\n    yield\n  File \"/home/ubuntu/actions-runner/_work/mongodb-operator/mongodb-operator/.tox/integration/lib/python3.10/site-packages/pluggy/_callers.py\", line 167, in _multicall\n    teardown.throw(outcome._exception)\n  File \"/home/ubuntu/actions-runner/_work/mongodb-operator/mongodb-operator/.tox/integration/lib/python3.10/site-packages/_pytest/logging.py\", line 848, in pytest_runtest_call\n    yield from self._runtest_for(item, \"call\")\n  File \"/home/ubuntu/actions-runner/_work/mongodb-operator/mongodb-operator/.tox/integration/lib/python3.10/site-packages/_pytest/logging.py\", line 831, in _runtest_for\n    yield\n  File \"/home/ubuntu/actions-runner/_work/mongodb-operator/mongodb-operator/.tox/integration/lib/python3.10/site-packages/pluggy/_callers.py\", line 167, in _multicall\n    teardown.throw(outcome._exception)\n  File \"/home/ubuntu/actions-runner/_work/mongodb-operator/mongodb-operator/.tox/integration/lib/python3.10/site-packages/_pytest/capture.py\", line 879, in pytest_runtest_call\n    return (yield)\n  File \"/home/ubuntu/actions-runner/_work/mongodb-operator/mongodb-operator/.tox/integration/lib/python3.10/site-packages/pluggy/_callers.py\", line 167, in _multicall\n    teardown.throw(outcome._exception)\n  File \"/home/ubuntu/actions-runner/_work/mongodb-operator/mongodb-operator/.tox/integration/lib/python3.10/site-packages/_pytest/skipping.py\", line 257, in pytest_runtest_call\n    return (yield)\n  File \"/home/ubuntu/actions-runner/_work/mongodb-operator/mongodb-operator/.tox/integration/lib/python3.10/site-packages/pluggy/_callers.py\", line 103, in _multicall\n    res = hook_impl.function(*args)\n  File \"/home/ubuntu/actions-runner/_work/mongodb-operator/mongodb-operator/.tox/integration/lib/python3.10/site-packages/_pytest/runner.py\", line 174, in pytest_runtest_call\n    item.runtest()\n  File \"/home/ubuntu/actions-runner/_work/mongodb-operator/mongodb-operator/.tox/integration/lib/python3.10/site-packages/_pytest/python.py\", line 1627, in runtest\n    self.ihook.pytest_pyfunc_call(pyfuncitem=self)\n  File \"/home/ubuntu/actions-runner/_work/mongodb-operator/mongodb-operator/.tox/integration/lib/python3.10/site-packages/pluggy/_hooks.py\", line 513, in __call__\n    return self._hookexec(self.name, self._hookimpls.copy(), kwargs, firstresult)\n  File \"/home/ubuntu/actions-runner/_work/mongodb-operator/mongodb-operator/.tox/integration/lib/python3.10/site-packages/pluggy/_manager.py\", line 120, in _hookexec\n    return self._inner_hookexec(hook_name, methods, kwargs, firstresult)\n  File \"/home/ubuntu/actions-runner/_work/mongodb-operator/mongodb-operator/.tox/integration/lib/python3.10/site-packages/pluggy/_callers.py\", line 182, in _multicall\n    return outcome.get_result()\n  File \"/home/ubuntu/actions-runner/_work/mongodb-operator/mongodb-operator/.tox/integration/lib/python3.10/site-packages/pluggy/_result.py\", line 100, in get_result\n    raise exc.with_traceback(exc.__traceback__)\n  File \"/home/ubuntu/actions-runner/_work/mongodb-operator/mongodb-operator/.tox/integration/lib/python3.10/site-packages/pluggy/_callers.py\", line 103, in _multicall\n    res = hook_impl.function(*args)\n  File \"/home/ubuntu/actions-runner/_work/mongodb-operator/mongodb-operator/.tox/integration/lib/python3.10/site-packages/_pytest/python.py\", line 159, in pytest_pyfunc_call\n    result = testfunction(**testargs)\n  File \"/home/ubuntu/actions-runner/_work/mongodb-operator/mongodb-operator/.tox/integration/lib/python3.10/site-packages/pytest_asyncio/plugin.py\", line 529, in inner\n    _loop.run_until_complete(task)\n  File \"/usr/lib/python3.10/asyncio/base_events.py\", line 649, in run_until_complete\n    return future.result()\n  File \"/home/ubuntu/actions-runner/_work/mongodb-operator/mongodb-operator/tests/integration/upgrade/test_sharding_upgrade.py\", line 78, in test_upgrade\n    await run_upgrade_sequence(ops_test, shard_app_name, new_charm=new_charm)\n  File \"/home/ubuntu/actions-runner/_work/mongodb-operator/mongodb-operator/tests/integration/upgrade/test_sharding_upgrade.py\", line 157, in run_upgrade_sequence\n    assert action.status == \"completed\", \"pre-upgrade-check failed, expected to succeed.\"\nAssertionError: pre-upgrade-check failed, expected to succeed.\nassert 'failed' == 'completed'\n  \n  - completed\n  + failed","flaky":false,"newFailed":false,"newBroken":false,"newPassed":false,"retriesCount":1,"retriesStatusChange":true,"beforeStages":[{"name":"event_loop","time":{"start":1726450801754,"stop":1726450801754,"duration":0},"status":"passed","steps":[],"attachments":[],"parameters":[],"stepsCount":0,"shouldDisplayMessage":false,"attachmentsCount":0,"hasContent":false,"attachmentStep":false},{"name":"tmp_path_factory","time":{"start":1726450801755,"stop":1726450801755,"duration":0},"status":"passed","steps":[],"attachments":[],"parameters":[],"stepsCount":0,"shouldDisplayMessage":false,"attachmentsCount":0,"hasContent":false,"attachmentStep":false},{"name":"ops_test","time":{"start":1726450801755,"stop":1726450801901,"duration":146},"status":"passed","steps":[],"attachments":[],"parameters":[],"stepsCount":0,"shouldDisplayMessage":false,"attachmentsCount":0,"hasContent":false,"attachmentStep":false},{"name":"abort_on_fail","time":{"start":1726451790883,"stop":1726451790883,"duration":0},"status":"passed","steps":[],"attachments":[],"parameters":[],"stepsCount":0,"shouldDisplayMessage":false,"attachmentsCount":0,"hasContent":false,"attachmentStep":false},{"name":"continuous_writes_to_shard_one","time":{"start":1726451790883,"stop":1726451793054,"duration":2171},"status":"passed","steps":[],"attachments":[],"parameters":[],"stepsCount":0,"shouldDisplayMessage":false,"attachmentsCount":0,"hasContent":false,"attachmentStep":false},{"name":"continuous_writes_to_shard_two","time":{"start":1726451793054,"stop":1726451795143,"duration":2089},"status":"passed","steps":[],"attachments":[],"parameters":[],"stepsCount":0,"shouldDisplayMessage":false,"attachmentsCount":0,"hasContent":false,"attachmentStep":false}],"testStage":{"description":"Verify that the sharded cluster can be safely upgraded without losing writes.","status":"failed","statusMessage":"AssertionError: pre-upgrade-check failed, expected to succeed.\nassert 'failed' == 'completed'\n  \n  - completed\n  + failed","statusTrace":"Traceback (most recent call last):\n  File \"/home/ubuntu/actions-runner/_work/mongodb-operator/mongodb-operator/.tox/integration/lib/python3.10/site-packages/_pytest/runner.py\", line 341, in from_call\n    result: TResult | None = func()\n  File \"/home/ubuntu/actions-runner/_work/mongodb-operator/mongodb-operator/.tox/integration/lib/python3.10/site-packages/_pytest/runner.py\", line 242, in <lambda>\n    lambda: runtest_hook(item=item, **kwds), when=when, reraise=reraise\n  File \"/home/ubuntu/actions-runner/_work/mongodb-operator/mongodb-operator/.tox/integration/lib/python3.10/site-packages/pluggy/_hooks.py\", line 513, in __call__\n    return self._hookexec(self.name, self._hookimpls.copy(), kwargs, firstresult)\n  File \"/home/ubuntu/actions-runner/_work/mongodb-operator/mongodb-operator/.tox/integration/lib/python3.10/site-packages/pluggy/_manager.py\", line 120, in _hookexec\n    return self._inner_hookexec(hook_name, methods, kwargs, firstresult)\n  File \"/home/ubuntu/actions-runner/_work/mongodb-operator/mongodb-operator/.tox/integration/lib/python3.10/site-packages/pluggy/_callers.py\", line 182, in _multicall\n    return outcome.get_result()\n  File \"/home/ubuntu/actions-runner/_work/mongodb-operator/mongodb-operator/.tox/integration/lib/python3.10/site-packages/pluggy/_result.py\", line 100, in get_result\n    raise exc.with_traceback(exc.__traceback__)\n  File \"/home/ubuntu/actions-runner/_work/mongodb-operator/mongodb-operator/.tox/integration/lib/python3.10/site-packages/pluggy/_callers.py\", line 167, in _multicall\n    teardown.throw(outcome._exception)\n  File \"/home/ubuntu/actions-runner/_work/mongodb-operator/mongodb-operator/.tox/integration/lib/python3.10/site-packages/_pytest/threadexception.py\", line 92, in pytest_runtest_call\n    yield from thread_exception_runtest_hook()\n  File \"/home/ubuntu/actions-runner/_work/mongodb-operator/mongodb-operator/.tox/integration/lib/python3.10/site-packages/_pytest/threadexception.py\", line 68, in thread_exception_runtest_hook\n    yield\n  File \"/home/ubuntu/actions-runner/_work/mongodb-operator/mongodb-operator/.tox/integration/lib/python3.10/site-packages/pluggy/_callers.py\", line 167, in _multicall\n    teardown.throw(outcome._exception)\n  File \"/home/ubuntu/actions-runner/_work/mongodb-operator/mongodb-operator/.tox/integration/lib/python3.10/site-packages/_pytest/unraisableexception.py\", line 95, in pytest_runtest_call\n    yield from unraisable_exception_runtest_hook()\n  File \"/home/ubuntu/actions-runner/_work/mongodb-operator/mongodb-operator/.tox/integration/lib/python3.10/site-packages/_pytest/unraisableexception.py\", line 70, in unraisable_exception_runtest_hook\n    yield\n  File \"/home/ubuntu/actions-runner/_work/mongodb-operator/mongodb-operator/.tox/integration/lib/python3.10/site-packages/pluggy/_callers.py\", line 167, in _multicall\n    teardown.throw(outcome._exception)\n  File \"/home/ubuntu/actions-runner/_work/mongodb-operator/mongodb-operator/.tox/integration/lib/python3.10/site-packages/_pytest/logging.py\", line 848, in pytest_runtest_call\n    yield from self._runtest_for(item, \"call\")\n  File \"/home/ubuntu/actions-runner/_work/mongodb-operator/mongodb-operator/.tox/integration/lib/python3.10/site-packages/_pytest/logging.py\", line 831, in _runtest_for\n    yield\n  File \"/home/ubuntu/actions-runner/_work/mongodb-operator/mongodb-operator/.tox/integration/lib/python3.10/site-packages/pluggy/_callers.py\", line 167, in _multicall\n    teardown.throw(outcome._exception)\n  File \"/home/ubuntu/actions-runner/_work/mongodb-operator/mongodb-operator/.tox/integration/lib/python3.10/site-packages/_pytest/capture.py\", line 879, in pytest_runtest_call\n    return (yield)\n  File \"/home/ubuntu/actions-runner/_work/mongodb-operator/mongodb-operator/.tox/integration/lib/python3.10/site-packages/pluggy/_callers.py\", line 167, in _multicall\n    teardown.throw(outcome._exception)\n  File \"/home/ubuntu/actions-runner/_work/mongodb-operator/mongodb-operator/.tox/integration/lib/python3.10/site-packages/_pytest/skipping.py\", line 257, in pytest_runtest_call\n    return (yield)\n  File \"/home/ubuntu/actions-runner/_work/mongodb-operator/mongodb-operator/.tox/integration/lib/python3.10/site-packages/pluggy/_callers.py\", line 103, in _multicall\n    res = hook_impl.function(*args)\n  File \"/home/ubuntu/actions-runner/_work/mongodb-operator/mongodb-operator/.tox/integration/lib/python3.10/site-packages/_pytest/runner.py\", line 174, in pytest_runtest_call\n    item.runtest()\n  File \"/home/ubuntu/actions-runner/_work/mongodb-operator/mongodb-operator/.tox/integration/lib/python3.10/site-packages/_pytest/python.py\", line 1627, in runtest\n    self.ihook.pytest_pyfunc_call(pyfuncitem=self)\n  File \"/home/ubuntu/actions-runner/_work/mongodb-operator/mongodb-operator/.tox/integration/lib/python3.10/site-packages/pluggy/_hooks.py\", line 513, in __call__\n    return self._hookexec(self.name, self._hookimpls.copy(), kwargs, firstresult)\n  File \"/home/ubuntu/actions-runner/_work/mongodb-operator/mongodb-operator/.tox/integration/lib/python3.10/site-packages/pluggy/_manager.py\", line 120, in _hookexec\n    return self._inner_hookexec(hook_name, methods, kwargs, firstresult)\n  File \"/home/ubuntu/actions-runner/_work/mongodb-operator/mongodb-operator/.tox/integration/lib/python3.10/site-packages/pluggy/_callers.py\", line 182, in _multicall\n    return outcome.get_result()\n  File \"/home/ubuntu/actions-runner/_work/mongodb-operator/mongodb-operator/.tox/integration/lib/python3.10/site-packages/pluggy/_result.py\", line 100, in get_result\n    raise exc.with_traceback(exc.__traceback__)\n  File \"/home/ubuntu/actions-runner/_work/mongodb-operator/mongodb-operator/.tox/integration/lib/python3.10/site-packages/pluggy/_callers.py\", line 103, in _multicall\n    res = hook_impl.function(*args)\n  File \"/home/ubuntu/actions-runner/_work/mongodb-operator/mongodb-operator/.tox/integration/lib/python3.10/site-packages/_pytest/python.py\", line 159, in pytest_pyfunc_call\n    result = testfunction(**testargs)\n  File \"/home/ubuntu/actions-runner/_work/mongodb-operator/mongodb-operator/.tox/integration/lib/python3.10/site-packages/pytest_asyncio/plugin.py\", line 529, in inner\n    _loop.run_until_complete(task)\n  File \"/usr/lib/python3.10/asyncio/base_events.py\", line 649, in run_until_complete\n    return future.result()\n  File \"/home/ubuntu/actions-runner/_work/mongodb-operator/mongodb-operator/tests/integration/upgrade/test_sharding_upgrade.py\", line 78, in test_upgrade\n    await run_upgrade_sequence(ops_test, shard_app_name, new_charm=new_charm)\n  File \"/home/ubuntu/actions-runner/_work/mongodb-operator/mongodb-operator/tests/integration/upgrade/test_sharding_upgrade.py\", line 157, in run_upgrade_sequence\n    assert action.status == \"completed\", \"pre-upgrade-check failed, expected to succeed.\"\nAssertionError: pre-upgrade-check failed, expected to succeed.\nassert 'failed' == 'completed'\n  \n  - completed\n  + failed","steps":[],"attachments":[{"uid":"eff7d76c8ab073f6","name":"log","source":"eff7d76c8ab073f6.txt","type":"text/plain","size":997}],"parameters":[],"stepsCount":0,"shouldDisplayMessage":true,"attachmentsCount":1,"hasContent":true,"attachmentStep":false},"afterStages":[{"name":"continuous_writes_to_shard_two::finalizer","time":{"start":1726452000670,"stop":1726452002876,"duration":2206},"status":"passed","steps":[],"attachments":[],"parameters":[],"stepsCount":0,"shouldDisplayMessage":false,"attachmentsCount":0,"hasContent":false,"attachmentStep":false},{"name":"continuous_writes_to_shard_one::finalizer","time":{"start":1726452002876,"stop":1726452005056,"duration":2180},"status":"passed","steps":[],"attachments":[],"parameters":[],"stepsCount":0,"shouldDisplayMessage":false,"attachmentsCount":0,"hasContent":false,"attachmentStep":false},{"name":"abort_on_fail::0","time":{"start":1726452005057,"stop":1726452005057,"duration":0},"status":"passed","steps":[],"attachments":[],"parameters":[],"stepsCount":0,"shouldDisplayMessage":false,"attachmentsCount":0,"hasContent":false,"attachmentStep":false},{"name":"ops_test::finalizer","time":{"start":1726452005060,"stop":1726452005401,"duration":341},"status":"passed","steps":[],"attachments":[],"parameters":[],"stepsCount":0,"shouldDisplayMessage":false,"attachmentsCount":0,"hasContent":false,"attachmentStep":false},{"name":"event_loop::2","time":{"start":1726452005402,"stop":1726452005402,"duration":0},"status":"passed","steps":[],"attachments":[],"parameters":[],"stepsCount":0,"shouldDisplayMessage":false,"attachmentsCount":0,"hasContent":false,"attachmentStep":false},{"name":"event_loop::_close_event_loop","time":{"start":1726452005402,"stop":1726452005402,"duration":0},"status":"passed","steps":[],"attachments":[],"parameters":[],"stepsCount":0,"shouldDisplayMessage":false,"attachmentsCount":0,"hasContent":false,"attachmentStep":false},{"name":"event_loop::_provide_clean_event_loop","time":{"start":1726452005402,"stop":1726452005402,"duration":0},"status":"passed","steps":[],"attachments":[],"parameters":[],"stepsCount":0,"shouldDisplayMessage":false,"attachmentsCount":0,"hasContent":false,"attachmentStep":false}],"labels":[{"name":"tag","value":"abort_on_fail"},{"name":"tag","value":"group(1)"},{"name":"tag","value":"runner(['self-hosted', 'linux', 'X64', 'jammy', 'large'])"},{"name":"tag","value":"asyncio"},{"name":"parentSuite","value":"tests.integration.upgrade"},{"name":"suite","value":"test_sharding_upgrade"},{"name":"host","value":"github-runner"},{"name":"thread","value":"12058-MainThread"},{"name":"framework","value":"pytest"},{"name":"language","value":"cpython3"},{"name":"package","value":"tests.integration.upgrade.test_sharding_upgrade"},{"name":"resultFormat","value":"allure2"}],"parameters":[],"links":[],"hidden":false,"retry":false,"extra":{"severity":"normal","retries":[{"uid":"c33fe268c9cfb048","status":"unknown","time":{}}],"categories":[{"name":"Product defects","matchedStatuses":[],"flaky":false}],"history":{"statistic":{"failed":4,"broken":0,"skipped":11,"passed":33,"unknown":1,"total":49},"items":[{"uid":"9e14b7878d1caca8","reportUrl":"../2274//#testresult/9e14b7878d1caca8","status":"failed","statusDetails":"AssertionError: pre-upgrade-check failed, expected to succeed.\nassert 'failed' == 'completed'\n  \n  - completed\n  + failed","time":{"start":1726365352737,"stop":1726365573024,"duration":220287}},{"uid":"43fa71f097a56391","reportUrl":"../2273//#testresult/43fa71f097a56391","status":"failed","statusDetails":"AssertionError: pre-upgrade-check failed, expected to succeed.\nassert 'failed' == 'completed'\n  \n  - completed\n  + failed","time":{"start":1726278585949,"stop":1726278798249,"duration":212300}},{"uid":"83e7ed9e73f9bef7","reportUrl":"../2272//#testresult/83e7ed9e73f9bef7","status":"failed","statusDetails":"AssertionError: pre-upgrade-check failed, expected to succeed.\nassert 'failed' == 'completed'\n  \n  - completed\n  + failed","time":{"start":1726192462963,"stop":1726192681802,"duration":218839}},{"uid":"684d1ec36c274de9","reportUrl":"../2270//#testresult/684d1ec36c274de9","status":"passed","time":{"start":1726105988466,"stop":1726106818157,"duration":829691}},{"uid":"b30c3086ac668921","reportUrl":"../2260//#testresult/b30c3086ac668921","status":"passed","time":{"start":1726024897372,"stop":1726025752241,"duration":854869}},{"uid":"9ebf7454f973f3e1","reportUrl":"../2253//#testresult/9ebf7454f973f3e1","status":"passed","time":{"start":1725936470449,"stop":1725937488574,"duration":1018125}},{"uid":"d1d7411a0c4dbee2","reportUrl":"../2244//#testresult/d1d7411a0c4dbee2","status":"passed","time":{"start":1725846636939,"stop":1725848172585,"duration":1535646}},{"uid":"2dbd1a2454afa361","reportUrl":"../2242//#testresult/2dbd1a2454afa361","status":"passed","time":{"start":1725760601329,"stop":1725762022392,"duration":1421063}},{"uid":"f15edaf7f0bb97ba","reportUrl":"../2240//#testresult/f15edaf7f0bb97ba","status":"passed","time":{"start":1725675763416,"stop":1725677092322,"duration":1328906}},{"uid":"34785c214a0b762e","reportUrl":"../2235//#testresult/34785c214a0b762e","status":"passed","time":{"start":1725587535639,"stop":1725588734930,"duration":1199291}},{"uid":"d45d7ae5379bd572","reportUrl":"../2232//#testresult/d45d7ae5379bd572","status":"passed","time":{"start":1725501724212,"stop":1725503603857,"duration":1879645}},{"uid":"8619d2cf3c3f39d8","reportUrl":"../2228//#testresult/8619d2cf3c3f39d8","status":"passed","time":{"start":1725414541868,"stop":1725415875542,"duration":1333674}},{"uid":"5b8589ff33955db4","reportUrl":"../2218//#testresult/5b8589ff33955db4","status":"passed","time":{"start":1725328280967,"stop":1725328931786,"duration":650819}},{"uid":"49f9b19700aa3bbf","reportUrl":"../2207//#testresult/49f9b19700aa3bbf","status":"passed","time":{"start":1725242140046,"stop":1725242881258,"duration":741212}},{"uid":"194e9f3abcf8c5e2","reportUrl":"../2206//#testresult/194e9f3abcf8c5e2","status":"skipped","statusDetails":"XFAIL reason: aborted\n\n_pytest.outcomes.XFailed: aborted","time":{"start":1725155091351,"stop":1725155091351,"duration":0}},{"uid":"891497aee6f061c","reportUrl":"../2205//#testresult/891497aee6f061c","status":"passed","time":{"start":1725069887406,"stop":1725070501944,"duration":614538}},{"uid":"d4237970ce586cfe","reportUrl":"../2191//#testresult/d4237970ce586cfe","status":"passed","time":{"start":1724983753656,"stop":1724984359162,"duration":605506}},{"uid":"b0757c2bd5e30848","reportUrl":"../2186//#testresult/b0757c2bd5e30848","status":"passed","time":{"start":1724896900955,"stop":1724897536655,"duration":635700}},{"uid":"eda89d4ac0c0bd81","reportUrl":"../2183//#testresult/eda89d4ac0c0bd81","status":"skipped","statusDetails":"Skipped: Need a new version published with new charm internal version","time":{"start":1724809128921,"stop":1724809128921,"duration":0}},{"uid":"a532a8053e7b6f43","reportUrl":"../2182//#testresult/a532a8053e7b6f43","status":"skipped","statusDetails":"Skipped: Need a new version published with new charm internal version","time":{"start":1724722697695,"stop":1724722697695,"duration":0}}]},"tags":["runner(['self-hosted', 'linux', 'X64', 'jammy', 'large'])","asyncio","abort_on_fail","group(1)"]},"source":"f48f6fa5ec2c9229.json","parameterValues":[]}